loaded train data from cache in "/tmp"
Pre-training is not available due to different network layouts
grid optimize: 4 x 2 comparisons x 1 rounds = 8 iterations
/home/mverleg/mlip2/env/local/lib/python2.7/site-packages/lasagne/init.py:86: UserWarning: The uniform initializer no longer uses Glorot et al.'s approach to determine the bounds, but defaults to the range (-0.01, 0.01) instead. Please use the new GlorotUniform initializer to get the old behavior. GlorotUniform is now the default for all layers.
  warnings.warn("The uniform initializer no longer uses Glorot et al.'s "
/home/mverleg/mlip2/env/local/lib/python2.7/site-packages/lasagne/init.py:86: UserWarning: The uniform initializer no longer uses Glorot et al.'s approach to determine the bounds, but defaults to the range (-0.01, 0.01) instead. Please use the new GlorotUniform initializer to get the old behavior. GlorotUniform is now the default for all layers.
  warnings.warn("The uniform initializer no longer uses Glorot et al.'s "
/home/mverleg/mlip2/env/local/lib/python2.7/site-packages/lasagne/init.py:86: UserWarning: The uniform initializer no longer uses Glorot et al.'s approach to determine the bounds, but defaults to the range (-0.01, 0.01) instead. Please use the new GlorotUniform initializer to get the old behavior. GlorotUniform is now the default for all layers.
  warnings.warn("The uniform initializer no longer uses Glorot et al.'s "
/home/mverleg/mlip2/env/local/lib/python2.7/site-packages/lasagne/init.py:86: UserWarning: The uniform initializer no longer uses Glorot et al.'s approach to determine the bounds, but defaults to the range (-0.01, 0.01) instead. Please use the new GlorotUniform initializer to get the old behavior. GlorotUniform is now the default for all layers.
  warnings.warn("The uniform initializer no longer uses Glorot et al.'s "
/home/mverleg/mlip2/env/local/lib/python2.7/site-packages/lasagne/init.py:86: UserWarning: The uniform initializer no longer uses Glorot et al.'s approach to determine the bounds, but defaults to the range (-0.01, 0.01) instead. Please use the new GlorotUniform initializer to get the old behavior. GlorotUniform is now the default for all layers.
  warnings.warn("The uniform initializer no longer uses Glorot et al.'s "
/home/mverleg/mlip2/env/local/lib/python2.7/site-packages/lasagne/init.py:86: UserWarning: The uniform initializer no longer uses Glorot et al.'s approach to determine the bounds, but defaults to the range (-0.01, 0.01) instead. Please use the new GlorotUniform initializer to get the old behavior. GlorotUniform is now the default for all layers.
  warnings.warn("The uniform initializer no longer uses Glorot et al.'s "
/home/mverleg/mlip2/env/local/lib/python2.7/site-packages/lasagne/init.py:86: UserWarning: The uniform initializer no longer uses Glorot et al.'s approach to determine the bounds, but defaults to the range (-0.01, 0.01) instead. Please use the new GlorotUniform initializer to get the old behavior. GlorotUniform is now the default for all layers.
  warnings.warn("The uniform initializer no longer uses Glorot et al.'s "
/home/mverleg/mlip2/env/local/lib/python2.7/site-packages/lasagne/init.py:86: UserWarning: The uniform initializer no longer uses Glorot et al.'s approach to determine the bounds, but defaults to the range (-0.01, 0.01) instead. Please use the new GlorotUniform initializer to get the old behavior. GlorotUniform is now the default for all layers.
  warnings.warn("The uniform initializer no longer uses Glorot et al.'s "
INFO (theano.gof.compilelock): Waiting for existing lock by process '21179' (I am process '21177')
INFO (theano.gof.compilelock): To manually release the lock, delete /home/mverleg/.theano/compiledir_Linux-3.2--generic-x86_64-with-Ubuntu-12.04-precise-x86_64-2.7.3-64/lock_dir
INFO (theano.gof.compilelock): Waiting for existing lock by process '21179' (I am process '21180')
INFO (theano.gof.compilelock): To manually release the lock, delete /home/mverleg/.theano/compiledir_Linux-3.2--generic-x86_64-with-Ubuntu-12.04-precise-x86_64-2.7.3-64/lock_dir
INFO (theano.gof.compilelock): Waiting for existing lock by process '21179' (I am process '21182')
INFO (theano.gof.compilelock): To manually release the lock, delete /home/mverleg/.theano/compiledir_Linux-3.2--generic-x86_64-with-Ubuntu-12.04-precise-x86_64-2.7.3-64/lock_dir
INFO (theano.gof.compilelock): Waiting for existing lock by process '21179' (I am process '21178')
INFO (theano.gof.compilelock): To manually release the lock, delete /home/mverleg/.theano/compiledir_Linux-3.2--generic-x86_64-with-Ubuntu-12.04-precise-x86_64-2.7.3-64/lock_dir
Traceback (most recent call last):
  File "nnet/optimize/big.py", line 11, in <module>
  File "/home/mverleg/mlip2/nnet/base_optimize.py", line 90, in optimize_NN
    ).readygo(save_fig_basename = name, log_name = name + '.log', only_show_top = True)
  File "/home/mverleg/mlip2/validation/optimize_parallel.py", line 96, in readygo
    job_results = pool.map(func, todo_jobs)
  File "/usr/lib/python2.7/multiprocessing/pool.py", line 227, in map
    return self.map_async(func, iterable, chunksize).get()
  File "/usr/lib/python2.7/multiprocessing/pool.py", line 528, in get
    raise self._value
IOError: [Errno 122] Disk quota exceeded
