Couldn't import dot_parser, loading of dot files will not be possible.
loaded train data from cache in "/tmp"
grid optimize: 3 comparisons x 5 rounds = 15 iterations
/home/mverleg/mlip2/env/src/lasagne/lasagne/init.py:86: UserWarning: The uniform initializer no longer uses Glorot et al.'s approach to determine the bounds, but defaults to the range (-0.01, 0.01) instead. Please use the new GlorotUniform initializer to get the old behavior. GlorotUniform is now the default for all layers.
  warnings.warn("The uniform initializer no longer uses Glorot et al.'s "
/home/mverleg/mlip2/env/src/lasagne/lasagne/init.py:86: UserWarning: The uniform initializer no longer uses Glorot et al.'s approach to determine the bounds, but defaults to the range (-0.01, 0.01) instead. Please use the new GlorotUniform initializer to get the old behavior. GlorotUniform is now the default for all layers.
  warnings.warn("The uniform initializer no longer uses Glorot et al.'s "
/home/mverleg/mlip2/env/src/lasagne/lasagne/init.py:86: UserWarning: The uniform initializer no longer uses Glorot et al.'s approach to determine the bounds, but defaults to the range (-0.01, 0.01) instead. Please use the new GlorotUniform initializer to get the old behavior. GlorotUniform is now the default for all layers.
  warnings.warn("The uniform initializer no longer uses Glorot et al.'s "
calculate: name = sample_0, round #3/5
adding all extra row features
adding 40 features for classes (2, 3)
adding 40 features for classes (2, 3, 4)
adding 63 features for classes (1, 9)
applying log transform to 27846x253 data
initializing network nameless_net 200x150x0
parameters: adaptive_weight_decay = False, auto_stopping = True, batch_size = 128, dense1_init = glorot_uniform, dense1_nonlinearity = rectify, dense1_size = 200, dense2_init = glorot_uniform, dense2_nonlinearity = rectify, dense2_size = 150, dense3_init = glorot_uniform, dense3_nonlinearity = rectify, dense3_size = 0, dropout0_rate = None, dropout1_rate = 0.2, dropout2_rate = 0.4, dropout3_rate = None, epoch_steps = None, learning_rate = 0.0005, learning_rate_scaling = 100, max_epochs = 100, momentum = 0.9, momentum_scaling = 1200, name = nameless_net, output_nonlinearity = softmax, save_snapshots_stepsize = None, weight_decay = 0
  input             	(None, 253)         	produces     253 outputs
  dense1            	(None, 200)         	produces     200 outputs
  dropout1          	(None, 200)         	produces     200 outputs
  dense2            	(None, 150)         	produces     150 outputs
  dropout2          	(None, 150)         	produces     150 outputs
  output            	(None, 9)           	produces       9 outputs
  epoch    train loss    valid loss    train/val    valid acc  dur
-------  ------------  ------------  -----------  -----------  -----
      1       [94m2.30697[0m       [32m2.07908[0m      1.10961      0.22053  5.03s
      2       [94m1.88714[0m       [32m1.64009[0m      1.15064      0.50573  3.94s
      3       [94m1.60876[0m       [32m1.40710[0m      1.14331      0.55242  4.20s
      4       [94m1.44303[0m       [32m1.27348[0m      1.13314      0.57847  4.16s
      5       [94m1.34548[0m       [32m1.18696[0m      1.13356      0.59509  4.17s
      6       [94m1.27114[0m       [32m1.12275[0m      1.13216      0.61135  4.46s
      7       [94m1.21368[0m       [32m1.07093[0m      1.13329      0.62636  4.50s
      8       [94m1.17307[0m       [32m1.02660[0m      1.14268      0.64637  4.86s
      9       [94m1.13409[0m       [32m0.98873[0m      1.14702      0.65873  4.42s
     10       [94m1.09388[0m       [32m0.95363[0m      1.14707      0.66805  3.73s
     11       [94m1.06695[0m       [32m0.92506[0m      1.15339      0.67712  3.76s
     12       [94m1.03849[0m       [32m0.89986[0m      1.15406      0.68148  3.48s
     13       [94m1.01344[0m       [32m0.87584[0m      1.15711      0.69000  3.55s
     14       [94m0.98827[0m       [32m0.85587[0m      1.15470      0.69594  4.28s
     15       [94m0.97293[0m       [32m0.83836[0m      1.16Showing results for "name"
pos     loss      name            
 1    0.6215       sample_0        
 2    0.6236       sample_1        
 3    0.6252       sample_2        
1.12980      0.69960  3.40s
     18       [94m0.90784[0m       [32m0.80883[0m      1.12241      0.69996  4.24s
     19       [94m0.89594[0m       [32m0.79830[0m      1.12231      0.70511  4.69s
     20       [94m0.88662[0m       [32m0.78926[0m      1.12336      0.70689  4.62s
     21       [94m0.87336[0m       [32m0.78049[0m      1.11899      0.70902  4.82s
     22       [94m0.86654[0m       [32m0.77309[0m      1.12089      0.71115  4.42s
     23       [94m0.84813[0m       [32m0.76542[0m      1.10806      0.71363  4.07s
     24       0.84897       [32m0.75962[0m      1.11763      0.71505  3.89s
     25       [94m0.83773[0m       [32m0.75409[0m      1.11091      0.71718  3.29s
     26       [94m0.83208[0m       [32m0.74801[0m      1.11239      0.71825  5.17s
     27       [94m0.82800[0m       [32m0.74387[0m      1.11310      0.71896  4.67s
     28       [94m0.81661[0m       [32m0.73886[0m      1.10524      0.72215  4.22s
     29       [94m0.80910[0m       [32m0.73396[0m      1.10238      0.72225  4.64s
     30       0.80951       [32m0.73027[0m      1.10851      0.72438  4.55s
     31       [94m0.79963[0m       [32m0.72593[0m      1.10152      0.72464  4.87s
     32       [94m0.79244[0m       [32m0.72211[0m      1.09739      0.72500  4.37s
     33       0.79261       [32m0.71804[0m      1.10385      0.73006  4.04s
     34       [94m0.78216[0m       [32m0.71478[0m      1.09426      0.72899  4.73s
     35       [94m0.78203[0m       [32m0.71127[0m      1.09949      0.72713  4.85s
     36       [94m0.78005[0m       [32m0.70778[0m      1.10210      0.73077  3.70s
     37       [94m0.77433[0m       [32m0.70508[0m      1.09821      0.73183  4.30s
     38       [94m0.76841[0m       [32m0.70217[0m      1.09433      0.72855  4.16s
     39       [94m0.76352[0m       [32m0.69895[0m      1.09239      0.73361  4.46s
     40       [94m0.75967[0m       [32m0.69731[0m      1.08944      0.73396  4.50s
     41       0.76106       [32m0.69492[0m      1.09517      0.73352  3.99s
     42       [94m0.75622[0m       [32m0.69220[0m      1.09248      0.73467  3.93s
     43       [94m0.75128[0m       [32m0.68893[0m      1.09050      0.73752  4.60s
     44       [94m0.74896[0m       [32m0.68673[0m      1.09062      0.73787  4.00s
     45       [94m0.73874[0m       [32m0.68469[0m      1.07894      0.73716  4.06s
     46       0.74396       [32m0.68253[0m      1.09002      0.73609  3.98s
     47       0.74116       [32m0.68066[0m      1.08889      0.73681  4.77s
     48       [94m0.73589[0m       [32m0.67852[0m      1.08455      0.73609  3.88s
     49       [94m0.73526[0m       [32m0.67660[0m      1.08671      0.73600  4.88s
     50       [94m0.72835[0m       [32m0.67490[0m      1.07921      0.73752  4.64s
     51       0.72917       [32m0.67266[0m      1.08402      0.73885  4.47s
     52       [94m0.72680[0m       [32m0.67103[0m      1.08311      0.73636  4.35s
     53       [94m0.72155[0m       [32m0.66899[0m      1.07858      0.73707  4.87s
     54       [94m0.71835[0m       [32m0.66755[0m      1.07610      0.73894  4.48s
     55       0.71994       [32m0.66608[0m      1.08088      0.73787  4.70s
     56       [94m0.71255[0m       [32m0.66434[0m      1.07257      0.73894  4.42s
     57       0.71439       [32m0.66237[0m      1.07854      0.74000  3.68s
     58       [94m0.71209[0m       [32m0.66133[0m      1.07676      0.74071  4.51s
     59       [94m0.70849[0m       [32m0.65953[0m      1.07424      0.74471  4.59s
     60       0.71038       [32m0.65887[0m      1.07818      0.74187  4.94s
     61       [94m0.70638[0m       [32m0.65752[0m      1.07431      0.74151  4.68s
     62       [94m0.70516[0m       [32m0.65597[0m      1.07498      0.74320  4.73s
     63       [94m0.69977[0m       [32m0.65434[0m      1.06944      0.74187  4.58s
     64       [94m0.69666[0m       [32m0.65305[0m      1.06677      0.74364  3.44s
     65       [94m0.69563[0m       [32m0.65177[0m      1.06728      0.74435  3.51s
     66       [94m0.69227[0m       [32m0.65066[0m      1.06394      0.74657  3.99s
     67       0.69704       [32m0.64960[0m      1.07303      0.74506  4.73s
     68       [94m0.69124[0m       [32m0.64869[0m      1.06559      0.74586  4.83s
     69       [94m0.68795[0m       [32m0.64738[0m      1.06267      0.74506  4.55s
     70       [94m0.68793[0m       [32m0.64667[0m      1.06380      0.74497  4.51s
     71       [94m0.68263[0m       [32m0.64586[0m      1.05693      0.74613  4.53s
     72       0.68535       [32m0.64488[0m      1.06275      0.74719  4.75s
     73       0.68521       [32m0.64382[0m      1.06428      0.74577  4.29s
     74       [94m0.67976[0m       [32m0.64256[0m      1.05789      0.74826  4.38s
     75       [94m0.67702[0m       [32m0.64142[0m      1.05550      0.75075  4.84s
     76       0.68263       [32m0.64096[0m      1.06502      0.75075  4.34s
     77       [94m0.67693[0m       [32m0.63994[0m      1.05779      0.75110  4.34s
     78       0.67845       [32m0.63899[0m      1.06175      0.74968  4.16s
     79       [94m0.67337[0m       [32m0.63725[0m      1.05667      0.75101  4.35s
     80       [94m0.67294[0m       [32m0.63709[0m      1.05628      0.75136  4.16s
     81       [94m0.67125[0m       [32m0.63554[0m      1.05618      0.75252  4.24s
     82       [94m0.66619[0m       0.63567      1.04800      0.75110  4.44s
     83       0.66663       [32m0.63427[0m      1.05103      0.75146  4.62s
     84       0.66909       [32m0.63296[0m      1.05707      0.75252  4.33s
     85       [94m0.66407[0m       [32m0.63250[0m      1.04991      0.75359  4.41s
     86       [94m0.66238[0m       [32m0.63129[0m      1.04925      0.75394  4.07s
     87       0.66301       [32m0.63084[0m      1.05100      0.75181  3.97s
     88       0.66430       [32m0.62958[0m      1.05514      0.75172  4.80s
     89       [94m0.66078[0m       [32m0.62931[0m      1.05001      0.75288  4.68s
     90       [94m0.66035[0m       [32m0.62789[0m      1.05171      0.75323  3.55s
     91       [94m0.65698[0m       [32m0.62684[0m      1.04808      0.75421  4.24s
     92       0.65747       [32m0.62647[0m      1.04948      0.75421  4.50s
     93       [94m0.65632[0m       [32m0.62463[0m      1.05075      0.75634  4.56s
     94       0.65638       [32m0.62442[0m      1.05118      0.75465  4.88s
     95       [94m0.65342[0m       [32m0.62368[0m      1.04769      0.75607  5.15s
     96       [94m0.65164[0m       [32m0.62223[0m      1.04726      0.75536  4.71s
     97       0.65219       [32m0.62201[0m      1.04851      0.75865  4.83s
     98       [94m0.65131[0m       [32m0.62061[0m      1.04947      0.75616  4.61s
     99       [94m0.64815[0m       [32m0.61977[0m      1.04579      0.75856  3.87s
    100       0.64953       [32m0.61919[0m      1.04901      0.75936  3.58s
saved network to "/scratch/tmp/nnets/nameless_net_complete.net.npz" after training ended
saving network to "/scratch/tmp/nnets/nameless_net.net.npz|json"
adding all extra row features
adding 40 features for classes (2, 3)
adding 40 features for classes (2, 3, 4)
adding 63 features for classes (1, 9)
applying log transform to 3093x253 data
(3093, 9) (3093,)
  #   loss   accuracy  time
  4   0.636  76.27%  617.570s
name = sample_0	 0.636	 0.76%	617.570s
calculate: name = sample_1, round #1/5
adding all extra row features
adding 40 features for classes (2, 3)
adding 40 features for classes (2, 3, 4)
adding 63 features for classes (1, 9)
applying log transform to 27846x253 data
initializing network nameless_net 200x150x0
parameters: adaptive_weight_decay = False, auto_stopping = True, batch_size = 128, dense1_init = glorot_uniform, dense1_nonlinearity = rectify, dense1_size = 200, dense2_init = glorot_uniform, dense2_nonlinearity = rectify, dense2_size = 150, dense3_init = glorot_uniform, dense3_nonlinearity = rectify, dense3_size = 0, dropout0_rate = None, dropout1_rate = 0.2, dropout2_rate = 0.4, dropout3_rate = None, epoch_steps = None, learning_rate = 0.0005, learning_rate_scaling = 100, max_epochs = 100, momentum = 0.9, momentum_scaling = 1200, name = nameless_net, output_nonlinearity = softmax, save_snapshots_stepsize = None, weight_decay = 0
  input             	(None, 253)         	produces     253 outputs
  dense1            	(None, 200)         	produces     200 outputs
  dropout1          	(None, 200)         	produces     200 outputs
  dense2            	(None, 150)         	produces     150 outputs
  dropout2          	(None, 150)         	produces     150 outputs
  output            	(None, 9)           	produces       9 outputs
  epoch    train loss    valid loss    train/val    valid acc  dur
-------  ------------  ------------  -----------  -----------  -----
      1       [94m2.19215[0m       [32m2.01088[0m      1.09014      0.35804  4.61s
      2       [94m1.83590[0m       [32m1.56720[0m      1.17145      0.48866  4.82s
      3       [94m1.55807[0m       [32m1.34432[0m      1.15901      0.55312  4.54s
      4       [94m1.40198[0m       [32m1.21436[0m      1.15450      0.58562  4.64s
      5       [94m1.30721[0m       [32m1.13353[0m      1.15322      0.61190  4.31s
      6       [94m1.22975[0m       [32m1.06919[0m      1.15016      0.64404  4.72s
      7       [94m1.18023[0m       [32m1.02070[0m      1.15630      0.65976  4.48s
      8       [94m1.13986[0m       [32m0.98129[0m      1.16159      0.67467  4.59s
      9       [94m1.10129[0m       [32m0.94644[0m      1.16361      0.68284  4.36s
     10       [94m1.06727[0m       [32m0.91681[0m      1.16411      0.69145  4.37s
     11       [94m1.03839[0m       [32m0.89178[0m      1.16441      0.69474  4.31s
     12       [94m1.00683[0m       [32m0.86758[0m      1.16051      0.69865  3.76s
     13       [94m0.98212[0m       [32m0.84899[0m      1.15682      0.70255  4.35s
     14       [94m0.96351[0m       [32m0.83191[0m      1.15820      0.70611  4.77s
     15       [94m0.94062[0m       [32m0.81690[0m      1.15145      0.71197  4.52s
     16       [94m0.92550[0m       [32m0.80422[0m      1.15081      0.71410  4.67s
     17       [94m0.90646[0m       [32m0.79271[0m      1.14350      0.71552  3.96s
     18       [94m0.89602[0m       [32m0.78279[0m      1.14465      0.71703  4.32s
     19       [94m0.88187[0m       [32m0.77326[0m      1.14046      0.71836  5.02s
     20       [94m0.87408[0m       [32m0.76570[0m      1.14155      0.71961  4.56s
     21       [94m0.86734[0m       [32m0.75738[0m      1.14518      0.72174  4.69s
     22       [94m0.85171[0m       [32m0.75149[0m      1.13337      0.72209  4.91s
     23       [94m0.84401[0m       [32m0.74492[0m      1.13302      0.72493  4.99s
     24       [94m0.83741[0m       [32m0.73986[0m      1.13185      0.72493  4.57s
     25       [94m0.82839[0m       [32m0.73451[0m      1.12781      0.72529  4.49s
     26       [94m0.81840[0m       [32m0.72906[0m      1.12254      0.72813  4.73s
     27       [94m0.81622[0m       [32m0.72446[0m      1.12666      0.72777  4.61s
     28       [94m0.80392[0m       [32m0.72057[0m      1.11568      0.72813  4.55s
     29       [94m0.80023[0m       [32m0.71621[0m      1.11732      0.73239  3.95s
     30       [94m0.79643[0m       [32m0.71238[0m      1.11798      0.73310  4.01s
     31       [94m0.78915[0m       [32m0.70979[0m      1.11181      0.73337  4.01s
     32       [94m0.78345[0m       [32m0.70612[0m      1.10952      0.73514  4.95s
     33       [94m0.77507[0m       [32m0.70294[0m      1.10261      0.73727  5.14s
     34       [94m0.77378[0m       [32m0.69956[0m      1.10609      0.74011  4.83s
     35       [94m0.77103[0m       [32m0.69723[0m      1.10586      0.74047  4.86s
     36       [94m0.76432[0m       [32m0.69352[0m      1.10208      0.74224  4.69s
     37       [94m0.76018[0m       [32m0.69086[0m      1.10033      0.74224  4.90s
     38       [94m0.75848[0m       [32m0.68755[0m      1.10318      0.74260  3.98s
     39       [94m0.75535[0m       [32m0.68565[0m      1.10165      0.74402  5.06s
     40       [94m0.74976[0m       [32m0.68350[0m      1.09693      0.74260  4.41s
     41       [94m0.74537[0m       [32m0.68162[0m      1.09352      0.74757  3.85s
     42       [94m0.74443[0m       [32m0.67917[0m      1.09609      0.74793  4.83s
     43       [94m0.73942[0m       [32m0.67628[0m      1.09336      0.74828  5.18s
     44       [94m0.73438[0m       [32m0.67485[0m      1.08821      0.75183  4.96s
     45       [94m0.73245[0m       [32m0.67291[0m      1.08848      0.75299  4.72s
     46       0.73410       [32m0.67144[0m      1.09332      0.75299  4.63s
     47       [94m0.72933[0m       [32m0.66949[0m      1.08937      0.75476  5.14s
     48       [94m0.72707[0m       [32m0.66755[0m      1.08916      0.75370  4.86s
     49       [94m0.72511[0m       [32m0.66728[0m      1.08666      0.75263  4.60s
     50       [94m0.71705[0m       [32m0.66559[0m      1.07732      0.75405  4.65s
     51       0.71839       [32m0.66412[0m      1.08171      0.75441  4.67s
     52       [94m0.71489[0m       [32m0.66276[0m      1.07865      0.75334  4.94s
     53       [94m0.71328[0m       [32m0.66086[0m      1.07931      0.75583  4.52s
     54       [94m0.70904[0m       [32m0.65905[0m      1.07585      0.75547  4.32s
     55       [94m0.70664[0m       [32m0.65712[0m      1.07536      0.75760  4.78s
     56       [94m0.70597[0m       [32m0.65588[0m      1.07638      0.75760  4.70s
     57       [94m0.70167[0m       [32m0.65446[0m      1.07214      0.75760  4.80s
     58       [94m0.69823[0m       [32m0.65354[0m      1.06837      0.75947  4.53s
     59       [94m0.69766[0m       [32m0.65273[0m      1.06883      0.75760  4.73s
     60       [94m0.69589[0m       [32m0.65224[0m      1.06693      0.75796  4.31s
     61       [94m0.69249[0m       [32m0.65097[0m      1.06378      0.75911  4.54s
     62       0.69526       [32m0.64884[0m      1.07155      0.76054  5.27s
     63       [94m0.69041[0m       [32m0.64846[0m      1.06468      0.76018  5.02s
     64       [94m0.68439[0m       [32m0.64769[0m      1.05667      0.76125  4.32s
     65       0.68736       [32m0.64716[0m      1.06213      0.75947  4.22s
     66       0.68654       [32m0.64499[0m      1.06441      0.76125  4.67s
     67       [94m0.68410[0m       [32m0.64415[0m      1.06202      0.76089  4.86s
     68       [94m0.68331[0m       [32m0.64270[0m      1.06317      0.75982  4.95s
     69       [94m0.68206[0m       [32m0.64242[0m      1.06171      0.75876  4.30s
     70       [94m0.67944[0m       [32m0.64168[0m      1.05884      0.76089  3.82s
     71       [94m0.67641[0m       [32m0.64096[0m      1.05532      0.75982  3.77s
     72       0.67777       [32m0.64038[0m      1.05839      0.76125  3.82s
     73       [94m0.67422[0m       [32m0.63918[0m      1.05483      0.75982  4.04s
     74       [94m0.67231[0m       [32m0.63801[0m      1.05375      0.76125  4.80s
     75       [94m0.67065[0m       [32m0.63795[0m      1.05126      0.75947  4.51s
     76       [94m0.66909[0m       [32m0.63655[0m      1.05112      0.76160  4.89s
     77       0.67208       [32m0.63563[0m      1.05735      0.76196  4.42s
     78       [94m0.66836[0m       [32m0.63526[0m      1.05211      0.76196  4.49s
     79       [94m0.66286[0m       [32m0.63457[0m      1.04458      0.76409  4.19s
     80       0.66671       [32m0.63388[0m      1.05178      0.76196  4.93s
     81       0.66457       [32m0.63346[0m      1.04910      0.76267  4.86s
     82       [94m0.66040[0m       [32m0.63253[0m      1.04407      0.76196  4.79s
     83       0.66152       [32m0.63116[0m      1.04810      0.76222  3.96s
     84       0.66439       [32m0.63109[0m      1.05277      0.76222  4.81s
     85       [94m0.65567[0m       [32m0.63105[0m      1.03901      0.76222  5.10s
     86       [94m0.65496[0m       [32m0.62973[0m      1.04006      0.76222  5.02s
     87       [94m0.65431[0m       [32m0.62912[0m      1.04004      0.76400  4.78s
     88       0.65655       [32m0.62838[0m      1.04483      0.76471  4.84s
     89       [94m0.65344[0m       [32m0.62766[0m      1.04108      0.76444  4.47s
     90       [94m0.65338[0m       [32m0.62731[0m      1.04156      0.76400  4.31s
     91       [94m0.65037[0m       [32m0.62681[0m      1.03759      0.76542  4.76s
     92       [94m0.64784[0m       [32m0.62613[0m      1.03467      0.76684  4.63s
     93       0.64997       [32m0.62514[0m      1.03973      0.76577  4.20s
     94       [94m0.64332[0m       0.62530      1.02882      0.76684  4.23s
     95       0.64484       [32m0.62337[0m      1.03445      0.76932  4.36s
     96       [94m0.64300[0m       [32m0.62233[0m      1.03322      0.77003  4.23s
     97       [94m0.64238[0m       [32m0.62226[0m      1.03233      0.76861  3.66s
     98       [94m0.64103[0m       [32m0.62167[0m      1.03114      0.76906  4.98s
     99       [94m0.63851[0m       [32m0.62085[0m      1.02844      0.76861  4.47s
    100       0.63894       [32m0.62024[0m      1.03014      0.77030  4.42s
saved network to "/scratch/tmp/nnets/nameless_net_complete.net.npz" after training ended
saving network to "/scratch/tmp/nnets/nameless_net.net.npz|json"
adding all extra row features
adding 40 features for classes (2, 3)
adding 40 features for classes (2, 3, 4)
adding 63 features for classes (1, 9)
applying log transform to 3093x253 data
(3093, 9) (3093,)
  2   0.606  76.20%  631.650s
name = sample_1	 0.606	 0.76%	631.650s
calculate: name = sample_1, round #4/5
adding all extra row features
adding 40 features for classes (2, 3)
adding 40 features for classes (2, 3, 4)
adding 63 features for classes (1, 9)
applying log transform to 27846x253 data
initializing network nameless_net 200x150x0
parameters: adaptive_weight_decay = False, auto_stopping = True, batch_size = 128, dense1_init = glorot_uniform, dense1_nonlinearity = rectify, dense1_size = 200, dense2_init = glorot_uniform, dense2_nonlinearity = rectify, dense2_size = 150, dense3_init = glorot_uniform, dense3_nonlinearity = rectify, dense3_size = 0, dropout0_rate = None, dropout1_rate = 0.2, dropout2_rate = 0.4, dropout3_rate = None, epoch_steps = None, learning_rate = 0.0005, learning_rate_scaling = 100, max_epochs = 100, momentum = 0.9, momentum_scaling = 1200, name = nameless_net, output_nonlinearity = softmax, save_snapshots_stepsize = None, weight_decay = 0
  input             	(None, 253)         	produces     253 outputs
  dense1            	(None, 200)         	produces     200 outputs
  dropout1          	(None, 200)         	produces     200 outputs
  dense2            	(None, 150)         	produces     150 outputs
  dropout2          	(None, 150)         	produces     150 outputs
  output            	(None, 9)           	produces       9 outputs
  epoch    train loss    valid loss    train/val    valid acc  dur
-------  ------------  ------------  -----------  -----------  -----
      1       [94m2.20815[0m       [32m2.05997[0m      1.07194      0.25228  4.37s
      2       [94m1.86587[0m       [32m1.60930[0m      1.15943      0.50508  4.56s
      3       [94m1.57135[0m       [32m1.38467[0m      1.13482      0.54681  4.97s
      4       [94m1.41735[0m       [32m1.26262[0m      1.12255      0.57274  4.60s
      5       [94m1.31540[0m       [32m1.18253[0m      1.11236      0.59254  4.64s
      6       [94m1.25105[0m       [32m1.12372[0m      1.11331      0.61846  4.91s
      7       [94m1.19217[0m       [32m1.07495[0m      1.10905      0.64092  4.84s
      8       [94m1.14752[0m       [32m1.03427[0m      1.10949      0.65371  4.64s
      9       [94m1.11550[0m       [32m1.00041[0m      1.11504      0.66081  4.65s
     10       [94m1.08504[0m       [32m0.97069[0m      1.11780      0.66685  4.89s
     11       [94m1.04424[0m       [32m0.94339[0m      1.10691      0.67031  4.70s
     12       [94m1.02303[0m       [32m0.92065[0m      1.11121      0.67812  4.40s
     13       [94m0.99754[0m       [32m0.90083[0m      1.10735      0.68132  4.07s
     14       [94m0.97626[0m       [32m0.88239[0m      1.10638      0.68611  3.83s
     15       [94m0.96044[0m       [32m0.86768[0m      1.10691      0.69047  3.92s
     16       [94m0.94296[0m       [32m0.85422[0m      1.10389      0.69153  5.00s
     17       [94m0.92519[0m       [32m0.84184[0m      1.09901      0.69286  4.58s
     18       [94m0.91582[0m       [32m0.83146[0m      1.10145      0.69597  4.77s
     19       [94m0.89884[0m       [32m0.82143[0m      1.09423      0.69695  4.54s
     20       [94m0.88702[0m       [32m0.81178[0m      1.09268      0.69863  5.04s
     21       [94m0.87288[0m       [32m0.80353[0m      1.08632      0.70014  4.62s
     22       [94m0.86474[0m       [32m0.79661[0m      1.08552      0.70157  4.94s
     23       [94m0.85720[0m       [32m0.78964[0m      1.08555      0.70299  4.09s
     24       [94m0.85403[0m       [32m0.78418[0m      1.08907      0.70325  4.19s
     25       [94m0.84629[0m       [32m0.77763[0m      1.08828      0.70618  4.30s
     26       [94m0.83680[0m       [32m0.77220[0m      1.08366      0.70796  3.75s
     27       [94m0.82220[0m       [32m0.76696[0m      1.07202      0.71044  3.57s
     28       [94m0.81903[0m       [32m0.76222[0m      1.07454      0.71124  3.97s
     29       [94m0.81557[0m       [32m0.75743[0m      1.07677      0.71089  4.35s
     30       [94m0.81188[0m       [32m0.75347[0m      1.07753      0.71373  5.17s
     31       [94m0.80481[0m       [32m0.74913[0m      1.07433      0.71790  3.86s
     32       [94m0.80223[0m       [32m0.74505[0m      1.07674      0.71755  4.34s
     33       [94m0.79272[0m       [32m0.74140[0m      1.06922      0.72048  4.03s
     34       [94m0.79170[0m       [32m0.73848[0m      1.07207      0.72119  3.85s
     35       [94m0.78618[0m       [32m0.73465[0m      1.07013      0.72403  4.82s
     36       [94m0.78066[0m       [32m0.73128[0m      1.06752      0.72367  4.34s
     37       [94m0.77655[0m       [32m0.72803[0m      1.06664      0.72296  3.47s
     38       [94m0.77276[0m       [32m0.72479[0m      1.06619      0.72305  4.13s
     39       [94m0.76933[0m       [32m0.72256[0m      1.06472      0.72731  4.11s
     40       [94m0.76522[0m       [32m0.71989[0m      1.06297      0.72802  4.40s
     41       0.76646       [32m0.71766[0m      1.06800      0.72873  4.76s
     42       [94m0.75697[0m       [32m0.71514[0m      1.05849      0.73202  3.89s
     43       [94m0.75288[0m       [32m0.71281[0m      1.05621      0.73087  5.19s
     44       0.75484       [32m0.70990[0m      1.06330      0.73380  5.15s
     45       [94m0.74844[0m       [32m0.70755[0m      1.05780      0.73309  4.84s
     46       [94m0.74519[0m       [32m0.70571[0m      1.05595      0.73309  4.84s
     47       [94m0.74070[0m       [32m0.70381[0m      1.05241      0.73309  5.11s
     48       0.74348       [32m0.70181[0m      1.05937      0.73309  5.09s
     49       [94m0.73756[0m       [32m0.69955[0m      1.05432      0.73344  5.02s
     50       [94m0.73219[0m       [32m0.69759[0m      1.04961      0.73513  4.44s
     51       [94m0.73146[0m       [32m0.69556[0m      1.05162      0.73584  4.30s
     52       [94m0.73014[0m       [32m0.69391[0m      1.05221      0.73593  3.87s
     53       0.73130       [32m0.69226[0m      1.05639      0.73655  3.57s
     54       [94m0.72483[0m       [32m0.69089[0m      1.04913      0.73548  4.42s
     55       [94m0.72427[0m       [32m0.68899[0m      1.05122      0.73726  4.30s
     56       [94m0.72057[0m       [32m0.68682[0m      1.04914      0.73965  4.81s
     57       [94m0.71318[0m       [32m0.68546[0m      1.04043      0.74010  5.06s
     58       0.71473       [32m0.68424[0m      1.04456      0.73868  5.01s
     59       0.71419       [32m0.68288[0m      1.04584      0.73974  5.07s
     60       [94m0.71290[0m       [32m0.68168[0m      1.04579      0.73974  4.51s
     61       0.71294       [32m0.68051[0m      1.04766      0.74116  4.88s
     62       [94m0.71131[0m       [32m0.67909[0m      1.04745      0.74045  5.14s
     63       [94m0.70841[0m       [32m0.67814[0m      1.04465      0.73930  4.94s
     64       [94m0.70469[0m       [32m0.67661[0m      1.04150      0.74098  4.54s
     65       0.70495       [32m0.67510[0m      1.04422      0.74285  4.75s
     66       [94m0.69992[0m       [32m0.67400[0m      1.03846      0.74462  3.91s
     67       0.70150       [32m0.67315[0m      1.04212      0.74036  4.87s
     68       [94m0.69852[0m       [32m0.67227[0m      1.03904      0.74134  5.19s
     69       [94m0.69581[0m       [32m0.67091[0m      1.03711      0.74134  4.69s
     70       0.69662       [32m0.67005[0m      1.03966      0.74382  4.75s
     71       [94m0.69522[0m       [32m0.66874[0m      1.03959      0.74311  5.02s
     72       [94m0.69132[0m       [32m0.66712[0m      1.03628      0.74560  4.43s
     73       [94m0.68796[0m       [32m0.66649[0m      1.03222      0.74418  4.85s
     74       [94m0.68589[0m       [32m0.66472[0m      1.03186      0.74382  4.88s
     75       [94m0.68573[0m       [32m0.66386[0m      1.03294      0.74595  3.71s
     76       0.68607       [32m0.66291[0m      1.03494      0.74702  5.08s
     77       [94m0.68545[0m       [32m0.66194[0m      1.03552      0.74560  5.16s
     78       [94m0.68316[0m       [32m0.66127[0m      1.03309      0.74605  4.68s
     79       [94m0.67957[0m       [32m0.65961[0m      1.03026      0.74631  4.34s
     80       [94m0.67563[0m       [32m0.65911[0m      1.02506      0.74605  5.11s
     81       0.67764       [32m0.65829[0m      1.02939      0.74382  4.67s
     82       0.67632       [32m0.65749[0m      1.02863      0.74489  4.44s
     83       [94m0.67526[0m       [32m0.65632[0m      1.02886      0.74747  5.12s
     84       [94m0.67213[0m       [32m0.65588[0m      1.02478      0.74640  4.71s
     85       0.67253       [32m0.65510[0m      1.02660      0.74747  4.65s
     86       [94m0.67191[0m       [32m0.65495[0m      1.02589      0.74711  4.86s
     87       [94m0.67068[0m       [32m0.65296[0m      1.02715      0.74889  5.12s
     88       [94m0.66925[0m       [32m0.65228[0m      1.02602      0.74711  4.23s
     89       [94m0.66648[0m       [32m0.65135[0m      1.02323      0.74818  5.26s
     90       0.66700       [32m0.65051[0m      1.02535      0.74924  4.83s
     91       [94m0.66498[0m       [32m0.65028[0m      1.02260      0.74924  3.72s
     92       [94m0.66185[0m       [32m0.64972[0m      1.01867      0.74818  4.08s
     93       [94m0.66090[0m       [32m0.64935[0m      1.01779      0.74924  4.60s
     94       [94m0.65884[0m       [32m0.64855[0m      1.01586      0.74853  4.60s
     95       [94m0.65859[0m       [32m0.64788[0m      1.01653      0.74924  4.27s
     96       [94m0.65820[0m       [32m0.64704[0m      1.01725      0.74853  4.29s
     97       [94m0.65407[0m       [32m0.64626[0m      1.01209      0.74889  3.61s
     98       [94m0.65300[0m       [32m0.64535[0m      1.01185      0.75004  4.27s
     99       0.65674       [32m0.64476[0m      1.01857      0.74969  3.96s
    100       [94m0.65137[0m       [32m0.64372[0m      1.01190      0.74942  5.06s
saved network to "/scratch/tmp/nnets/nameless_net_complete.net.npz" after training ended
saving network to "/scratch/tmp/nnets/nameless_net.net.npz|json"
adding all extra row features
adding 40 features for classes (2, 3)
adding 40 features for classes (2, 3, 4)
adding 63 features for classes (1, 9)
applying log transform to 3093x253 data
(3093, 9) (3093,)
  #   loss   accuracy  time
  3   0.654  74.78%  638.460s
name = sample_1	 0.654	 0.75%	638.460s
calculate: name = sample_1, round #5/5
adding all extra row features
adding 40 features for classes (2, 3)
adding 40 features for classes (2, 3, 4)
adding 63 features for classes (1, 9)
applying log transform to 27846x253 data
initializing network nameless_net 200x150x0
parameters: adaptive_weight_decay = False, auto_stopping = True, batch_size = 128, dense1_init = glorot_uniform, dense1_nonlinearity = rectify, dense1_size = 200, dense2_init = glorot_uniform, dense2_nonlinearity = rectify, dense2_size = 150, dense3_init = glorot_uniform, dense3_nonlinearity = rectify, dense3_size = 0, dropout0_rate = None, dropout1_rate = 0.2, dropout2_rate = 0.4, dropout3_rate = None, epoch_steps = None, learning_rate = 0.0005, learning_rate_scaling = 100, max_epochs = 100, momentum = 0.9, momentum_scaling = 1200, name = nameless_net, output_nonlinearity = softmax, save_snapshots_stepsize = None, weight_decay = 0
  input             	(None, 253)         	produces     253 outputs
  dense1            	(None, 200)         	produces     200 outputs
  dropout1          	(None, 200)         	produces     200 outputs
  dense2            	(None, 150)         	produces     150 outputs
  dropout2          	(None, 150)         	produces     150 outputs
  output            	(None, 9)           	produces       9 outputs
  epoch    train loss    valid loss    train/val    valid acc  dur
-------  ------------  ------------  -----------  -----------  -----
      1       [94m2.21486[0m       [32m2.05338[0m      1.07864      0.22474  3.58s
      2       [94m1.82657[0m       [32m1.53008[0m      1.19377      0.51368  4.74s
      3       [94m1.52418[0m       [32m1.31553[0m      1.15861      0.56127  5.30s
      4       [94m1.37541[0m       [32m1.20278[0m      1.14352      0.58667  4.95s
      5       [94m1.28073[0m       [32m1.12826[0m      1.13515      0.60736  4.43s
      6       [94m1.21625[0m       [32m1.07147[0m      1.13512      0.63008  5.12s
      7       [94m1.16030[0m       [32m1.02462[0m      1.13242      0.64544  4.08s
      8       [94m1.11558[0m       [32m0.98558[0m      1.13190      0.65832  4.78s
      9       [94m1.07807[0m       [32m0.95193[0m      1.13251      0.67031  4.71s
     10       [94m1.04252[0m       [32m0.92251[0m      1.13009      0.67519  4.42s
     11       [94m1.00993[0m       [32m0.89645[0m      1.12659      0.68141  4.71s
     12       [94m0.98812[0m       [32m0.87529[0m      1.12891      0.68602  3.87s
     13       [94m0.95998[0m       [32m0.85564[0m      1.12194      0.69304  3.44s
     14       [94m0.94393[0m       [32m0.84011[0m      1.12357      0.69845  3.48s
     15       [94m0.92815[0m       [32m0.82572[0m      1.12404      0.70085  4.42s
     16       [94m0.91021[0m       [32m0.81345[0m      1.11896      0.70511  4.33s
     17       [94m0.89943[0m       [32m0.80290[0m      1.12024      0.70804  3.73s
     18       [94m0.88765[0m       [32m0.79284[0m      1.11959      0.71328  3.98s
     19       [94m0.87711[0m       [32m0.78435[0m      1.11825      0.71399  4.91s
     20       [94m0.86442[0m       [32m0.77592[0m      1.11406      0.71825  4.73s
     21       [94m0.85435[0m       [32m0.76913[0m      1.11081      0.72073  4.88s
     22       [94m0.84399[0m       [32m0.76203[0m      1.10757      0.72287  4.74s
     23       [94m0.83997[0m       [32m0.75635[0m      1.11056      0.72322  3.64s
     24       [94m0.82758[0m       [32m0.75061[0m      1.10254      0.72615  4.74s
     25       [94m0.82265[0m       [32m0.74513[0m      1.10404      0.72580  3.73s
     26       [94m0.81252[0m       [32m0.73991[0m      1.09812      0.72713  4.23s
     27       0.81498       [32m0.73639[0m      1.10671      0.72979  3.38s
     28       [94m0.80544[0m       [32m0.73159[0m      1.10095      0.72899  3.99s
     29       [94m0.79679[0m       [32m0.72749[0m      1.09526      0.72686  3.90s
     30       [94m0.79666[0m       [32m0.72338[0m      1.10131      0.72802  4.63s
     31       [94m0.79013[0m       [32m0.72037[0m      1.09684      0.72846  3.93s
     32       [94m0.78547[0m       [32m0.71669[0m      1.09597      0.72908  4.33s
     33       [94m0.77786[0m       [32m0.71352[0m      1.09017      0.72944  4.57s
     34       [94m0.77299[0m       [32m0.70979[0m      1.08905      0.73059  4.50s
     35       [94m0.77022[0m       [32m0.70679[0m      1.08974      0.73095  5.06s
     36       [94m0.76452[0m       [32m0.70422[0m      1.08563      0.73024  5.02s
     37       [94m0.76159[0m       [32m0.70106[0m      1.08634      0.73024  4.57s
     38       [94m0.75537[0m       [32m0.69864[0m      1.08120      0.73059  4.97s
     39       [94m0.75360[0m       [32m0.69562[0m      1.08335      0.73104  4.22s
     40       0.75383       [32m0.69319[0m      1.08748      0.73130  4.57s
     41       [94m0.75066[0m       [32m0.69094[0m      1.08643      0.73201  4.66s
     42       [94m0.75022[0m       [32m0.68851[0m      1.08964      0.73343  5.15s
     43       [94m0.73806[0m       [32m0.68612[0m      1.07570      0.73201  5.21s
     44       [94m0.73628[0m       [32m0.68418[0m      1.07615      0.73343  4.85s
     45       [94m0.73440[0m       [32m0.68184[0m      1.07709      0.73272  4.60s
     46       [94m0.73116[0m       [32m0.68009[0m      1.07509      0.73343  4.13s
     47       [94m0.73071[0m       [32m0.67765[0m      1.07830      0.73415  3.76s
     48       0.73391       [32m0.67623[0m      1.08529      0.73379  4.00s
     49       [94m0.72412[0m       [32m0.67384[0m      1.07461      0.73450  4.40s
     50       [94m0.72193[0m       [32m0.67196[0m      1.07437      0.73628  3.90s
     51       [94m0.71961[0m       [32m0.66973[0m      1.07448      0.73743  4.13s
     52       [94m0.71778[0m       [32m0.66839[0m      1.07389      0.73850  4.22s
     53       0.72121       [32m0.66696[0m      1.08134      0.73779  4.04s
     54       [94m0.71439[0m       [32m0.66543[0m      1.07357      0.73885  4.27s
     55       0.71504       [32m0.66445[0m      1.07614      0.73992  4.50s
     56       [94m0.71165[0m       [32m0.66290[0m      1.07354      0.73992  3.84s
     57       [94m0.70457[0m       [32m0.66133[0m      1.06539      0.73965  3.70s
     58       0.70674       [32m0.65992[0m      1.07095      0.73779  4.39s
     59       0.70483       [32m0.65831[0m      1.07066      0.73814  4.11s
     60       [94m0.69794[0m       [32m0.65729[0m      1.06185      0.73894  3.66s
     61       0.70001       [32m0.65552[0m      1.06786      0.74010  4.37s
     62       [94m0.69727[0m       [32m0.65418[0m      1.06587      0.74223  3.99s
     63       [94m0.69658[0m       [32m0.65280[0m      1.06706      0.74223  4.62s
     64       [94m0.69409[0m       [32m0.65210[0m      1.06440      0.74178  3.47s
     65       [94m0.69110[0m       [32m0.65013[0m      1.06302      0.74214  4.14s
     66       [94m0.69077[0m       [32m0.64883[0m      1.06463      0.74285  4.77s
     67       [94m0.68957[0m       [32m0.64808[0m      1.06402      0.74356  3.69s
     68       [94m0.68188[0m       [32m0.64647[0m      1.05476      0.74143  4.56s
     69       0.68532       [32m0.64526[0m      1.06210      0.74258  4.59s
     70       0.68312       [32m0.64455[0m      1.05983      0.74410  4.17s
     71       [94m0.68110[0m       [32m0.64301[0m      1.05923      0.74472  4.98s
     72       [94m0.67952[0m       [32m0.64221[0m      1.05810      0.74356  4.22s
     73       [94m0.67776[0m       [32m0.64107[0m      1.05724      0.74258  4.63s
     74       0.67968       [32m0.64057[0m      1.06105      0.74400  5.00s
     75       [94m0.67573[0m       [32m0.63922[0m      1.05711      0.74356  4.50s
     76       [94m0.67225[0m       [32m0.63750[0m      1.05451      0.74649  5.14s
     77       0.67264       [32m0.63723[0m      1.05556      0.74329  5.19s
     78       [94m0.66893[0m       [32m0.63581[0m      1.05210      0.74569  4.10s
     79       0.67060       [32m0.63496[0m      1.05613      0.74543  4.35s
     80       0.66943       [32m0.63362[0m      1.05652      0.74720  3.50s
     81       [94m0.66449[0m       0.63364      1.04869      0.74747  3.41s
     82       0.66488       [32m0.63334[0m      1.04980      0.74676  4.22s
     83       [94m0.66408[0m       [32m0.63148[0m      1.05163      0.74818  3.89s
     84       0.66442       [32m0.63122[0m      1.05259      0.74853  4.18s
     85       [94m0.66073[0m       [32m0.63049[0m      1.04797      0.74889  3.80s
     86       0.66339       [32m0.63025[0m      1.05259      0.75040  3.44s
     87       [94m0.66035[0m       [32m0.62819[0m      1.05119      0.75004  3.79s
     88       0.66185       [32m0.62773[0m      1.05435      0.74933  4.46s
     89       [94m0.65656[0m       [32m0.62739[0m      1.04648      0.74969  4.18s
     90       0.65742       [32m0.62585[0m      1.05044      0.75253  4.61s
     91       [94m0.65338[0m       [32m0.62447[0m      1.04629      0.75146  4.34s
     92       0.65550       [32m0.62289[0m      1.05235      0.75404  5.09s
     93       0.65619       [32m0.62230[0m      1.05445      0.75173  4.93s
     94       [94m0.65030[0m       [32m0.62208[0m      1.04535      0.75253  4.41s
     95       [94m0.64960[0m       [32m0.62034[0m      1.04716      0.75253  3.95s
     96       [94m0.64590[0m       [32m0.61913[0m      1.04323      0.75102  4.31s
     97       [94m0.64478[0m       0.61915      1.04139      0.75146  3.57s
     98       0.64917       [32m0.61833[0m      1.04987      0.75146  4.21s
     99       0.64627       [32m0.61724[0m      1.04702      0.75253  3.56s
    100       [94m0.64102[0m       [32m0.61571[0m      1.04110      0.75395  3.91s
saved network to "/scratch/tmp/nnets/nameless_net_complete.net.npz" after training ended
saving network to "/scratch/tmp/nnets/nameless_net.net.npz|json"
adding all extra row features
adding 40 features for classes (2, 3)
adding 40 features for classes (2, 3, 4)
adding 63 features for classes (1, 9)
applying log transform to 3093x253 data
(3093, 9) (3093,)
  4   0.638  76.40%  609.420s
name = sample_1	 0.638	 0.76%	609.420s
calculate: name = sample_2, round #5/5
adding all extra row features
adding 40 features for classes (2, 3)
adding 40 features for classes (2, 3, 4)
adding 63 features for classes (1, 9)
applying log transform to 27846x253 data
initializing network nameless_net 200x150x0
parameters: adaptive_weight_decay = False, auto_stopping = True, batch_size = 128, dense1_init = glorot_uniform, dense1_nonlinearity = rectify, dense1_size = 200, dense2_init = glorot_uniform, dense2_nonlinearity = rectify, dense2_size = 150, dense3_init = glorot_uniform, dense3_nonlinearity = rectify, dense3_size = 0, dropout0_rate = None, dropout1_rate = 0.2, dropout2_rate = 0.4, dropout3_rate = None, epoch_steps = None, learning_rate = 0.0005, learning_rate_scaling = 100, max_epochs = 100, momentum = 0.9, momentum_scaling = 1200, name = nameless_net, output_nonlinearity = softmax, save_snapshots_stepsize = None, weight_decay = 0
  input             	(None, 253)         	produces     253 outputs
  dense1            	(None, 200)         	produces     200 outputs
  dropout1          	(None, 200)         	produces     200 outputs
  dense2            	(None, 150)         	produces     150 outputs
  dropout2          	(None, 150)         	produces     150 outputs
  output            	(None, 9)           	produces       9 outputs
  epoch    train loss    valid loss    train/val    valid acc  dur
-------  ------------  ------------  -----------  -----------  -----
      1       [94m2.12319[0m       [32m1.95287[0m      1.08722      0.38386  4.63s
      2       [94m1.77954[0m       [32m1.49996[0m      1.18639      0.50781  3.90s
      3       [94m1.50483[0m       [32m1.30376[0m      1.15422      0.56464  4.43s
      4       [94m1.36008[0m       [32m1.19223[0m      1.14079      0.59119  3.62s
      5       [94m1.28049[0m       [32m1.11697[0m      1.14639      0.61668  3.68s
      6       [94m1.21453[0m       [32m1.06128[0m      1.14440      0.63106  3.68s
      7       [94m1.15864[0m       [32m1.01420[0m      1.14242      0.65486  3.79s
      8       [94m1.11440[0m       [32m0.97478[0m      1.14324      0.66844  3.86s
      9       [94m1.07324[0m       [32m0.94017[0m      1.14153      0.68265  4.67s
     10       [94m1.04126[0m       [32m0.91167[0m      1.14215      0.68762  4.42s
     11       [94m1.01324[0m       [32m0.88677[0m      1.14263      0.69223  4.71s
     12       [94m0.98841[0m       [32m0.86548[0m      1.14204      0.69410  4.71s
     13       [94m0.96551[0m       [32m0.84646[0m      1.14064      0.69801  4.70s
     14       [94m0.94128[0m       [32m0.82995[0m      1.13415      0.70023  4.39s
     15       [94m0.92744[0m       [32m0.81583[0m      1.13681      0.70120  4.69s
     16       [94m0.91285[0m       [32m0.80420[0m      1.13510      0.70333  4.85s
     17       [94m0.89860[0m       [32m0.79392[0m      1.13185      0.70617  4.68s
     18       [94m0.88666[0m       [32m0.78447[0m      1.13027      0.70946  4.82s
     19       [94m0.87563[0m       [32m0.77528[0m      1.12943      0.71337  4.81s
     20       [94m0.86583[0m       [32m0.76798[0m      1.12740      0.71372  4.25s
     21       [94m0.85337[0m       [32m0.76031[0m      1.12239      0.71585  3.61s
     22       [94m0.84839[0m       [32m0.75422[0m      1.12487      0.71905  3.88s
     23       [94m0.83967[0m       [32m0.74780[0m      1.12285      0.72047  4.10s
     24       [94m0.83276[0m       [32m0.74251[0m      1.12154      0.72269  3.59s
     25       [94m0.82746[0m       [32m0.73776[0m      1.12159      0.72447  3.90s
     26       [94m0.81403[0m       [32m0.73300[0m      1.11054      0.72518  4.43s
     27       [94m0.81146[0m       [32m0.72822[0m      1.11431      0.72589  3.82s
     28       [94m0.80764[0m       [32m0.72411[0m      1.11535      0.72775  4.07s
     29       [94m0.79896[0m       [32m0.71983[0m      1.10993      0.72846  3.91s
     30       [94m0.79425[0m       [32m0.71652[0m      1.10849      0.72953  3.77s
     31       [94m0.78987[0m       [32m0.71255[0m      1.10852      0.72988  4.66s
     32       [94m0.78680[0m       [32m0.70865[0m      1.11028      0.73015  3.99s
     33       [94m0.77683[0m       [32m0.70591[0m      1.10046      0.73201  3.92s
     34       [94m0.77609[0m       [32m0.70227[0m      1.10512      0.73334  3.64s
     35       [94m0.77274[0m       [32m0.70013[0m      1.10370      0.73459  4.15s
     36       [94m0.76816[0m       [32m0.69732[0m      1.10160      0.73495  4.63s
     37       [94m0.76348[0m       [32m0.69435[0m      1.09957      0.73672  3.73s
     38       [94m0.76033[0m       [32m0.69182[0m      1.09904      0.73592  4.32s
     39       [94m0.75615[0m       [32m0.68935[0m      1.09691      0.73708  3.60s
     40       [94m0.75411[0m       [32m0.68732[0m      1.09718      0.73592  3.82s
     41       [94m0.74703[0m       [32m0.68495[0m      1.09063      0.73734  4.05s
     42       [94m0.74295[0m       [32m0.68203[0m      1.08933      0.73885  4.86s
     43       [94m0.73926[0m       [32m0.67974[0m      1.08756      0.73956  4.92s
     44       0.74012       [32m0.67796[0m      1.09169      0.74098  4.48s
     45       0.74074       [32m0.67669[0m      1.09466      0.74285  4.54s
     46       [94m0.73107[0m       [32m0.67406[0m      1.08457      0.74418  4.96s
     47       [94m0.73064[0m       [32m0.67217[0m      1.08698      0.74666  3.95s
     48       [94m0.72947[0m       [32m0.67050[0m      1.08794      0.74418  3.59s
     49       [94m0.72729[0m       [32m0.66889[0m      1.08730      0.74560  3.58s
     50       [94m0.72435[0m       [32m0.66676[0m      1.08637      0.74444  3.84s
     51       [94m0.72108[0m       [32m0.66508[0m      1.08421      0.74595  3.54s
     52       [94m0.72022[0m       [32m0.66399[0m      1.08468      0.74657  4.04s
     53       [94m0.71347[0m       [32m0.66199[0m      1.07778      0.74631  4.72s
     54       0.71811       [32m0.66057[0m      1.08711      0.74551  4.17s
     55       [94m0.71242[0m       [32m0.65951[0m      1.08023      0.74666  4.04s
     56       [94m0.70891[0m       [32m0.65756[0m      1.07809      0.74640  3.75s
     57       [94m0.70540[0m       [32m0.65596[0m      1.07538      0.74835  3.83s
     58       [94m0.70234[0m       [32m0.65478[0m      1.07262      0.74728  4.01s
     59       0.70396       [32m0.65332[0m      1.07752      0.74764  4.26s
     60       0.70243       [32m0.65227[0m      1.07690      0.74595  4.17s
     61       [94m0.70140[0m       [32m0.65093[0m      1.07752      0.74764  4.36s
     62       [94m0.69678[0m       [32m0.65015[0m      1.07172      0.74870  4.12s
     63       [94m0.69659[0m       [32m0.64863[0m      1.07395      0.74835  3.86s
     64       [94m0.69361[0m       [32m0.64709[0m      1.07191      0.74844  4.28s
     65       [94m0.69136[0m       [32m0.64602[0m      1.07019      0.74799  3.69s
     66       0.69235       [32m0.64478[0m      1.07377      0.74835  4.23s
     67       0.69176       [32m0.64420[0m      1.07383      0.74915  3.85s
     68       [94m0.68528[0m       [32m0.64291[0m      1.06592      0.74915  3.57s
     69       [94m0.68429[0m       [32m0.64171[0m      1.06637      0.74835  3.61s
     70       [94m0.68215[0m       [32m0.64053[0m      1.06498      0.74835  3.78s
     71       0.68364       [32m0.63946[0m      1.06908      0.74870  4.05s
     72       [94m0.67735[0m       [32m0.63807[0m      1.06157      0.75057  4.38s
     73       0.67968       [32m0.63747[0m      1.06622      0.75199  4.42s
     74       [94m0.67579[0m       [32m0.63669[0m      1.06141      0.75190  4.09s
     75       0.67618       [32m0.63534[0m      1.06427      0.75119  4.18s
     76       [94m0.67472[0m       [32m0.63433[0m      1.06368      0.75368  3.73s
     77       [94m0.67209[0m       [32m0.63394[0m      1.06018      0.75341  3.87s
     78       0.67229       [32m0.63322[0m      1.06171      0.75297  3.67s
     79       0.67235       [32m0.63259[0m      1.06285      0.75297  4.54s
     80       0.67274       [32m0.63149[0m      1.06532      0.75403  4.65s
     81       [94m0.67003[0m       [32m0.63065[0m      1.06245      0.75581  4.46s
     82       [94m0.66621[0m       [32m0.62946[0m      1.05839      0.75510  5.08s
     83       [94m0.66077[0m       [32m0.62843[0m      1.05145      0.75652  3.98s
     84       0.66495       [32m0.62794[0m      1.05894      0.75652  3.19s
     85       0.66103       [32m0.62704[0m      1.05422      0.75581  4.43s
     86       0.66163       [32m0.62649[0m      1.05608      0.75581  4.02s
     87       [94m0.65812[0m       [32m0.62557[0m      1.05202      0.75794  3.79s
     88       0.65980       [32m0.62534[0m      1.05511      0.75652  3.51s
     89       [94m0.65713[0m       [32m0.62441[0m      1.05240      0.75794  4.93s
     90       0.65982       [32m0.62326[0m      1.05866      0.75945  4.11s
     91       [94m0.65423[0m       [32m0.62253[0m      1.05092      0.76078  3.60s
     92       0.65674       [32m0.62119[0m      1.05723      0.76220  3.62s
     93       [94m0.65420[0m       [32m0.62052[0m      1.05427      0.76051  4.23s
     94       [94m0.65286[0m       [32m0.61923[0m      1.05431      0.76078  4.83s
     95       [94m0.64961[0m       [32m0.61850[0m      1.05030      0.76007  4.03s
     96       [94m0.64843[0m       [32m0.61755[0m      1.05000      0.76113  4.00s
     97       [94m0.64381[0m       [32m0.61673[0m      1.04392      0.76255  4.19s
     98       [94m0.64346[0m       [32m0.61558[0m      1.04528      0.76433  4.87s
     99       0.64535       [32m0.61518[0m      1.04905      0.76575  3.78s
    100       0.64453       [32m0.61471[0m      1.04850      0.76655  4.35s
saved network to "/scratch/tmp/nnets/nameless_net_complete.net.npz" after training ended
saving network to "/scratch/tmp/nnets/nameless_net.net.npz|json"
adding all extra row features
adding 40 features for classes (2, 3)
adding 40 features for classes (2, 3, 4)
adding 63 features for classes (1, 9)
applying log transform to 3093x253 data
(3093, 9) (3093,)
  #   loss   accuracy  time
  4   0.639  75.85%  582.320s
name = sample_2	 0.639	 0.76%	582.320s
