Couldn't import dot_parser, loading of dot files will not be possible.
loaded train data from cache in "/tmp"
grid optimize: 6 comparisons x 3 rounds = 18 iterations
calculate: dropout1_rate = 0.1, round #2/3
adding all extra row features
adding 40 features for classes (2, 3)
adding 40 features for classes (2, 3, 4)
adding 63 features for classes (1, 9)
applying log transform to 16707x253 data
initializing network sample 200x150x0
parameters: adaptive_weight_decay = False, auto_stopping = True, batch_size = 128, dense1_init = glorot_uniform, dense1_nonlinearity = rectify, dense1_size = 200, dense2_init = glorot_uniform, dense2_nonlinearity = rectify, dense2_size = 150, dense3_init = glorot_uniform, dense3_nonlinearity = rectify, dense3_size = 0, dropout0_rate = None, dropout1_rate = None, dropout2_rate = None, dropout3_rate = None, epoch_steps = None, learning_rate = 0.0005, learning_rate_scaling = 100, max_epochs = 600, momentum = 0.9, momentum_scaling = 1200, name = sample, output_nonlinearity = softmax, save_snapshots_stepsize = None, weight_decay = 0
  input             	(None, 253)         	produces     253 outputs
  dense1            	(None, 200)         	produces     200 outputs
  dense2            	(None, 150)         	produces     150 outputs
  output            	(None, 9)           	produces       9 outputs
  epoch    train loss    valid loss    train/val    valid acc  dur
-------  ------------  ------------  -----------  -----------  -----
      1       [94m2.14566[0m       [32m2.10472[0m      1.01945      0.22712  2.15s
      2       [94m1.81434[0m       [32m1.70278[0m      1.06552      0.44475  2.12s
      3       [94m1.53738[0m       [32m1.51810[0m      1.01270      0.47991  2.01s
      4       [94m1.37892[0m       [32m1.39228[0m      0.99041      0.51265  2.38s
      5       [94m1.27011[0m       [32m1.29995[0m      0.97704      0.54390  1.89s
      6       [94m1.18910[0m       [32m1.22832[0m      0.96808      0.57180  1.61s
      7       [94m1.12517[0m       [32m1.17032[0m      0.96142      0.58575  1.45s
      8       [94m1.07294[0m       [32m1.12218[0m      0.95613      0.61254  1.66s
      9       [94m1.02914[0m       [32m1.08128[0m      0.95178      0.62984  2.22s
     10       [94m0.99167[0m       [32m1.04579[0m      0.94825      0.63932  2.25s
     11       [94m0.95920[0m       [32m1.01487[0m      0.94515      0.64974  2.20s
     12       [94m0.93091[0m       [32m0.98800[0m      0.94221      0.65755  2.19s
     13       [94m0.90613[0m       [32m0.96462[0m      0.93937      0.66536  1.93s
     14       [94m0.88429[0m       [32m0.94406[0m      0.93669      0.67039  2.31s
     15       [94m0.86496[0m       [32m0.92583[0m      0.93425      0.67597  1.67s
     16       [94m0.84773[0m       [32m0.90964[0m      0.93195      0.67708  2.31s
     17       [94m0.83232[0m       [32m0.89508[0m      0.92988      0.67932  2.08s
     18       [94m0.81846[0m       [32m0.88209[0m      0.92787      0.68862  2.24s
     19       [94m0.80597[0m       [32m0.87037[0m      0.92601      0.68973  2.54s
     20       [94m0.79463[0m       [32m0.85976[0m      0.92424      0.69029  2.54s
     21       [94m0.78430[0m       [32m0.85016[0m      0.92254      0.68973  2.48s
     22       [94m0.77486[0m       [32m0.84135[0m      0.92097      0.68917  2.45s
     23       [94m0.76617[0m       [32m0.83320[0m      0.91955      0.68973  2.18s
     24       [94m0.75811[0m       [32m0.82572[0m      0.91813      0.69308  2.43s
     25       [94m0.75063[0m       [32m0.81885[0m      0.91669      0.69475  2.38s
     26       [94m0.74367[0m       [32m0.81253[0m      0.91525      0.69699  1.94s
     27       [94m0.73718[0m       [32m0.80659[0m      0.91395      0.70461  2.01s
     28       [94m0.73110[0m       [32m0.80108[0m      0.91265      0.70629  1.68s
     29       [94m0.72538[0m       [32m0.79593[0m      0.91136      0.70740  1.22s
     30       [94m0.71999[0m       [32m0.79109[0m      0.91013      0.71019  1.32s
     31       [94m0.71489[0m       [32m0.78650[0m      0.90895      0.71187  2.18s
     32       [94m0.71005[0m       [32m0.78221[0m      0.90774      0.71410  2.38s
     33       [94m0.70544[0m       [32m0.77816[0m      0.90654      0.71466  2.41s
     34       [94m0.70103[0m       [32m0.77431[0m      0.90537      0.71522  2.43s
     35       [94m0.69682[0m       [32m0.77069[0m      0.90416      0.71745  2.51s
     36       [94m0.69278[0m       [32m0.76722[0m      0.90298      0.72340  2.40s
     37       [94m0.68893[0m       [32m0.76400[0m      0.90174      0.72452  2.33s
     38       [94m0.68524[0m       [32m0.76087[0m      0.90061      0.72396  2.20s
     39       [94m0.68173[0m       [32m0.75790[0m      0.89950      0.72340  2.07s
     40       [94m0.67835[0m       [32m0.75508[0m      0.89838      0.72507  1.96s
     41       [94m0.67509[0m       [32m0.75242[0m      0.89722      0.72675  1.98s
     42       [94m0.67193[0m       [32m0.74990[0m      0.89602      0.72842  1.76s
     43       [94m0.66890[0m       [32m0.74750[0m      0.89485      0.72898  1.54s
     44       [94m0.66597[0m       [32m0.74517[0m      0.89371      0.72898  1.56s
     45       [94m0.66313[0m       [32m0.74294[0m      0.89258      0.72842  2.17s
     46       [94m0.66038[0m       [32m0.74080[0m      0.89145      0.72786  1.91s
     47       [94m0.65772[0m       [32m0.73870[0m      0.89038      0.72954  1.89s
     48       [94m0.65514[0m       [32m0.73669[0m      0.88930      0.72954  1.68s
     49       [94m0.65264[0m       [32m0.73473[0m      0.88827      0.72954  1.57s
     50       [94m0.65021[0m       [32m0.73289[0m      0.88718      0.72954  1.80s
     51       [94m0.64783[0m       [32m0.73108[0m      0.88613      0.73065  2.46s
     52       [94m0.64551[0m       [32m0.72932[0m      0.88510      0.73065  2.24s
     53       [94m0.64327[0m       [32m0.72766[0m      0.88403      0.73065  1.87s
     54       [94m0.64107[0m       [32m0.72605[0m      0.88295      0.73010  1.50s
     55       [94m0.63893[0m       [32m0.72454[0m      0.88185      0.73010  1.28s
     56       [94m0.63684[0m       [32m0.72309[0m      0.88072      0.73010  1.09s
     57       [94m0.63480[0m       [32m0.72165[0m      0.87965      0.72898  1.11s
     58       [94m0.63280[0m       [32m0.72021[0m      0.87863      0.72786  2.49s
     59       [94m0.63085[0m       [32m0.71885[0m      0.87758      0.72898  2.04s
     60       [94m0.62894[0m       [32m0.71757[0m      0.87648      0.72954  2.49s
     61       [94m0.62707[0m       [32m0.71634[0m      0.87538      0.72842  2.41s
     62       [94m0.62523[0m       [32m0.71515[0m      0.87427      0.72898  2.38s
     63       [94m0.62344[0m       [32m0.71395[0m      0.87323      0.73065  2.22s
     64       [94m0.62170[0m       [32m0.71279[0m      0.87220      0.73121  2.12s
     65       [94m0.61998[0m       [32m0.71166[0m      0.87117      0.73177  2.00s
     66       [94m0.61830[0m       [32m0.71059[0m      0.87013      0.73289  1.93s
     67       [94m0.61665[0m       [32m0.70957[0m      0.86905      0.73344  2.36s
     68       [94m0.61504[0m       [32m0.70856[0m      0.86801      0.73400  2.31s
     69       [94m0.61346[0m       [32m0.70754[0m      0.86703      0.73344  2.47s
     70       [94m0.61190[0m       [32m0.70652[0m      0.86607      0.73344  2.28s
     71       [94m0.61037[0m       [32m0.70559[0m      0.86505      0.73400  1.99s
     72       [94m0.60887[0m       [32m0.70464[0m      0.86409      0.73512  2.46s
     73       [94m0.60740[0m       [32m0.70372[0m      0.86314      0.73400  2.37s
     74       [94m0.60596[0m       [32m0.70285[0m      0.86215      0.73568  2.38s
     75       [94m0.60454[0m       [32m0.70202[0m      0.86114      0.73568  2.57s
     76       [94m0.60315[0m       [32m0.70125[0m      0.86010      0.73624  2.58s
     77       [94m0.60177[0m       [32m0.70047[0m      0.85909      0.73624  2.42s
     78       [94m0.60041[0m       [32m0.69974[0m      0.85805      0.73679  2.38s
     79       [94m0.59907[0m       [32m0.69897[0m      0.85708      0.73679  2.26s
     80       [94m0.59776[0m       [32m0.69824[0m      0.85609      0.73735  2.28s
     81       [94m0.59646[0m       [32m0.69757[0m      0.85506      0.73679  2.05s
     82       [94m0.59519[0m       [32m0.69689[0m      0.85406      0.73735  1.63s
     83       [94m0.59392[0m       [32m0.69624[0m      0.85304      0.73679  1.52s
     84       [94m0.59268[0m       [32m0.69561[0m      0.85203      0.73679  1.53s
     85       [94m0.59145[0m       [32m0.69495[0m      0.85107      0.73568  1.62s
     86       [94m0.59024[0m       [32m0.69434[0m      0.85006      0.73791  2.16s
     87       [94m0.58904[0m       [32m0.69372[0m      0.84911      0.73903  2.28s
     88       [94m0.58786[0m       [32m0.69312[0m      0.84813      0.73958  2.27s
     89       [94m0.58669[0m       [32m0.69247[0m      0.84724      0.74070  1.96s
     90       [94m0.58553[0m       [32m0.69188[0m      0.84630      0.74070  2.31s
     91       [94m0.58439[0m       [32m0.69131[0m      0.84534      0.74070  2.14s
     92       [94m0.58326[0m       [32m0.69070[0m      0.84445      0.74237  2.41s
     93       [94m0.58213[0m       [32m0.69012[0m      0.84353      0.74182  2.29s
     94       [94m0.58102[0m       [32m0.68959[0m      0.84256      0.74182  2.08s
     95       [94m0.57992[0m       [32m0.68906[0m      0.84161      0.74349  1.84s
     96       [94m0.57883[0m       [32m0.68854[0m      0.84066      0.74237  1.89s
     97       [94m0.57774[0m       [32m0.68803[0m      0.83970      0.74237  1.98s
     98       [94m0.57668[0m       [32m0.68756[0m      0.83873      0.74237  1.98s
     99       [94m0.57562[0m       [32m0.68710[0m      0.83776      0.74293  2.37s
    100       [94m0.57458[0m       [32m0.68669[0m      0.83674      0.74293  2.17s
    101       [94m0.57354[0m       [32m0.68623[0m      0.83579      0.74349  2.16s
    102       [94m0.57252[0m       [32m0.68580[0m      0.83482      0.74405  2.41s
    103       [94m0.57151[0m       [32m0.68533[0m      0.83391      0.74461  2.36s
    104       [94m0.57050[0m       [32m0.68491[0m      0.83295      0.74461  2.27s
    105       [94m0.56950[0m       [32m0.68450[0m      0.83199      0.74405  1.80s
    106       [94m0.56851[0m       [32m0.68411[0m      0.83102      0.75000  1.60s
    107       [94m0.56753[0m       [32m0.68369[0m      0.83009      0.75000  1.34s
    108       [94m0.56656[0m       [32m0.68331[0m      0.82914      0.74888  1.69s
    109       [94m0.56560[0m       [32m0.68293[0m      0.82819      0.74944  2.32s
    110       [94m0.56465[0m       [32m0.68259[0m      0.82721      0.74833  2.53s
    111       [94m0.56368[0m       [32m0.68221[0m      0.82627      0.74777  2.50s
    112       [94m0.56275[0m       [32m0.68186[0m      0.82531      0.74833  2.59s
    113       [94m0.56182[0m       [32m0.68145[0m      0.82444      0.74888  2.50s
    114       [94m0.56089[0m       [32m0.68112[0m      0.82349      0.74888  2.39s
    115       [94m0.55997[0m       [32m0.68081[0m      0.82252      0.74888  2.47s
    116       [94m0.55907[0m       [32m0.68043[0m      0.82164      0.75000  2.60s
    117       [94m0.55816[0m       [32m0.68012[0m      0.82067      0.75056  2.32s
    118       [94m0.55727[0m       [32m0.67982[0m      0.81973      0.75056  2.50s
    119       [94m0.55637[0m       [32m0.67951[0m      0.81879      0.74944  2.36s
    120       [94m0.55548[0m       [32m0.67919[0m      0.81786      0.74833  2.47s
    121       [94m0.55460[0m       [32m0.67896[0m      0.81684      0.74888  1.99s
    122       [94m0.55373[0m       [32m0.67870[0m      0.81587      0.74833  2.39s
    123       [94m0.55286[0m       [32m0.67847[0m      0.81487      0.74944  2.31s
    124       [94m0.55201[0m       [32m0.67817[0m      0.81397      0.74888  2.62s
    125       [94m0.55115[0m       [32m0.67799[0m      0.81291      0.75000  2.35s
    126       [94m0.55030[0m       [32m0.67772[0m      0.81198      0.75056  2.30s
    127       [94m0.54945[0m       [32m0.67747[0m      0.81103      0.75112  2.65s
    128       [94m0.54861[0m       [32m0.67725[0m      0.81006      0.75167  2.39s
    129       [94m0.54778[0m       [32m0.67707[0m      0.80904      0.75167  2.08s
    130       [94m0.54694[0m       [32m0.67684[0m      0.80808      0.75167  2.08s
    131       [94m0.54612[0m       [32m0.67663[0m      0.80712      0.75279  2.41s
    132       [94m0.54530[0m       [32m0.67638[0m      0.80620      0.75279  2.55s
    133       [94m0.54448[0m       [32m0.67621[0m      0.80520      0.75335  2.52s
    134       [94m0.54368[0m       [32m0.67601[0m      0.80425      0.75279  2.51s
    135       [94m0.54288[0m       [32m0.67581[0m      0.80329      0.75335  2.35s
    136       [94m0.54207[0m       [32m0.67558[0m      0.80238      0.75335  2.26s
    137       [94m0.54128[0m       [32m0.67540[0m      0.80142      0.75279  2.24s
    138       [94m0.54049[0m       [32m0.67528[0m      0.80040      0.75391  2.36s
Terminating training since the network is starting to overfit too much.
COULD NOT SAVE NETWORK SINCE <nnet.early_stopping.StopWhenOverfitting object at 0x5f00550> HAS NO PARENT
saving network to "/scratch/tmp/nnets/nn_db7b0b82cc9092559eb9676d0ca3ce75ea878bbb_139.net.npz.net.npz|json"
saved network to "/scratch/tmp/nnets/sample_complete.net.npz" after training ended
saving network to "/scratch/tmp/nnets/sample.net.npz|json"
adding all extra row features
adding 40 features for classes (2, 3)
adding 40 features for classes (2, 3, 4)
adding 63 features for classes (1, 9)
applying log transform to 1856x253 data
(1856, 9) (1856,)
  #   loss   accuracy  time
  1   0.628  77.32%  433.400s
dropout1_rate = 0.1	 0.628	 0.77%	433.400s
calculate: dropout1_rate = 0.1, round #3/3
adding all extra row features
adding 40 features for classes (2, 3)
adding 40 features for classes (2, 3, 4)
adding 63 features for classes (1, 9)
applying log transform to 16707x253 data
initializing network sample 200x150x0
parameters: adaptive_weight_decay = False, auto_stopping = True, batch_size = 128, dense1_init = glorot_uniform, dense1_nonlinearity = rectify, dense1_size = 200, dense2_init = glorot_uniform, dense2_nonlinearity = rectify, dense2_size = 150, dense3_init = glorot_uniform, dense3_nonlinearity = rectify, dense3_size = 0, dropout0_rate = None, dropout1_rate = None, dropout2_rate = None, dropout3_rate = None, epoch_steps = None, learning_rate = 0.0005, learning_rate_scaling = 100, max_epochs = 600, momentum = 0.9, momentum_scaling = 1200, name = sample, output_nonlinearity = softmax, save_snapshots_stepsize = None, weight_decay = 0
  input             	(None, 253)         	produces     253 outputs
  dense1            	(None, 200)         	produces     200 outputs
  dense2            	(None, 150)         	produces     150 outputs
  output            	(None, 9)           	produces       9 outputs
  epoch    train loss    valid loss    train/val    valid acc  dur
-------  ------------  ------------  -----------  -----------  -----
      1       [94m2.22346[0m       [32m2.14539[0m      1.03639      0.17344  2.51s
      2       [94m1.81840[0m       [32m1.74369[0m      1.04285      0.42411  2.40s
      3       [94m1.53588[0m       [32m1.55197[0m      0.98964      0.48158  2.30s
      4       [94m1.37234[0m       [32m1.41550[0m      0.96950      0.52891  1.97s
      5       [94m1.26012[0m       [32m1.31754[0m      0.95642      0.56217  1.48s
      6       [94m1.17793[0m       [32m1.24270[0m      0.94788      0.58449  2.14s
      7       [94m1.11392[0m       [32m1.18339[0m      0.94129      0.60458  1.78s
      8       [94m1.06179[0m       [32m1.13526[0m      0.93528      0.62188  1.53s
      9       [94m1.01808[0m       [32m1.09538[0m      0.92943      0.63471  1.39s
     10       [94m0.98061[0m       [32m1.06173[0m      0.92359      0.63862  1.39s
     11       [94m0.94808[0m       [32m1.03287[0m      0.91790      0.63973  1.94s
     12       [94m0.91958[0m       [32m1.00809[0m      0.91220      0.64420  2.28s
     13       [94m0.89442[0m       [32m0.98648[0m      0.90668      0.64866  2.23s
     14       [94m0.87213[0m       [32m0.96753[0m      0.90139      0.65257  1.79s
     15       [94m0.85230[0m       [32m0.95092[0m      0.89630      0.65871  1.38s
     16       [94m0.83464[0m       [32m0.93625[0m      0.89147      0.65926  1.20s
     17       [94m0.81884[0m       [32m0.92329[0m      0.88687      0.66094  1.11s
     18       [94m0.80463[0m       [32m0.91189[0m      0.88237      0.66429  2.35s
     19       [94m0.79182[0m       [32m0.90167[0m      0.87818      0.66708  2.42s
     20       [94m0.78025[0m       [32m0.89250[0m      0.87422      0.67154  2.50s
     21       [94m0.76972[0m       [32m0.88422[0m      0.87051      0.67600  2.52s
     22       [94m0.76011[0m       [32m0.87674[0m      0.86696      0.67768  2.45s
     23       [94m0.75128[0m       [32m0.87001[0m      0.86354      0.67824  2.69s
     24       [94m0.74315[0m       [32m0.86380[0m      0.86032      0.67991  2.24s
     25       [94m0.73564[0m       [32m0.85815[0m      0.85724      0.68158  2.12s
     26       [94m0.72869[0m       [32m0.85290[0m      0.85438      0.68438  2.36s
     27       [94m0.72223[0m       [32m0.84799[0m      0.85170      0.68493  2.12s
     28       [94m0.71619[0m       [32m0.84353[0m      0.84904      0.68717  1.96s
     29       [94m0.71052[0m       [32m0.83929[0m      0.84658      0.68605  1.84s
     30       [94m0.70519[0m       [32m0.83538[0m      0.84415      0.68772  1.84s
     31       [94m0.70016[0m       [32m0.83166[0m      0.84189      0.69107  2.30s
     32       [94m0.69542[0m       [32m0.82823[0m      0.83964      0.69219  2.25s
     33       [94m0.69092[0m       [32m0.82499[0m      0.83749      0.69275  2.09s
     34       [94m0.68665[0m       [32m0.82196[0m      0.83538      0.69498  2.27s
     35       [94m0.68258[0m       [32m0.81910[0m      0.83332      0.69442  2.13s
     36       [94m0.67870[0m       [32m0.81639[0m      0.83133      0.69275  2.19s
     37       [94m0.67498[0m       [32m0.81382[0m      0.82940      0.69330  2.25s
     38       [94m0.67142[0m       [32m0.81140[0m      0.82748      0.69386  2.33s
     39       [94m0.66799[0m       [32m0.80907[0m      0.82562      0.69721  2.34s
     40       [94m0.66472[0m       [32m0.80689[0m      0.82380      0.69833  2.08s
     41       [94m0.66156[0m       [32m0.80474[0m      0.82208      0.70000  2.34s
     42       [94m0.65852[0m       [32m0.80265[0m      0.82044      0.69944  2.30s
     43       [94m0.65559[0m       [32m0.80062[0m      0.81885      0.70223  2.02s
     44       [94m0.65275[0m       [32m0.79869[0m      0.81728      0.70279  2.44s
     45       [94m0.65001[0m       [32m0.79682[0m      0.81576      0.70279  2.18s
     46       [94m0.64734[0m       [32m0.79503[0m      0.81423      0.70391  2.32s
     47       [94m0.64477[0m       [32m0.79334[0m      0.81273      0.70446  2.39s
     48       [94m0.64227[0m       [32m0.79175[0m      0.81121      0.70614  2.57s
     49       [94m0.63985[0m       [32m0.79021[0m      0.80972      0.70670  2.41s
     50       [94m0.63748[0m       [32m0.78868[0m      0.80828      0.70725  2.63s
     51       [94m0.63519[0m       [32m0.78725[0m      0.80685      0.70781  2.50s
     52       [94m0.63299[0m       [32m0.78584[0m      0.80549      0.70781  2.26s
     53       [94m0.63084[0m       [32m0.78448[0m      0.80415      0.70725  1.98s
     54       [94m0.62875[0m       [32m0.78316[0m      0.80284      0.70893  2.32s
     55       [94m0.62672[0m       [32m0.78188[0m      0.80155      0.70949  2.08s
     56       [94m0.62474[0m       [32m0.78067[0m      0.80027      0.70893  1.81s
Terminating training since the network is starting to overfit too much.
COULD NOT SAVE NETWORK SINCE <nnet.early_stopping.StopWhenOverfitting object at 0xb420a90> HAS NO PARENT
saving network to "/scratch/tmp/nnets/nn_3d0fda6aa9d30aac779b1e8aa5a5b00206fce076_57.net.npz.net.npz|json"
saved network to "/scratch/tmp/nnets/sample_complete.net.npz" after training ended
saving network to "/scratch/tmp/nnets/sample.net.npz|json"
adding all extra row features
adding 40 features for classes (2, 3)
adding 40 features for classes (2, 3, 4)
adding 63 features for classes (1, 9)
applying log transform to 1856x253 data
(1856, 9) (1856,)
  2   0.681  75.11%  178.380s
dropout1_rate = 0.1	 0.681	 0.75%	178.380s
calculate: dropout1_rate = 0.2, round #1/3
adding all extra row features
adding 40 features for classes (2, 3)
adding 40 features for classes (2, 3, 4)
adding 63 features for classes (1, 9)
applying log transform to 16707x253 data
initializing network sample 200x150x0
parameters: adaptive_weight_decay = False, auto_stopping = True, batch_size = 128, dense1_init = glorot_uniform, dense1_nonlinearity = rectify, dense1_size = 200, dense2_init = glorot_uniform, dense2_nonlinearity = rectify, dense2_size = 150, dense3_init = glorot_uniform, dense3_nonlinearity = rectify, dense3_size = 0, dropout0_rate = None, dropout1_rate = None, dropout2_rate = None, dropout3_rate = None, epoch_steps = None, learning_rate = 0.0005, learning_rate_scaling = 100, max_epochs = 600, momentum = 0.9, momentum_scaling = 1200, name = sample, output_nonlinearity = softmax, save_snapshots_stepsize = None, weight_decay = 0
  input             	(None, 253)         	produces     253 outputs
  dense1            	(None, 200)         	produces     200 outputs
  dense2            	(None, 150)         	produces     150 outputs
  output            	(None, 9)           	produces       9 outputs
  epoch    train loss    valid loss    train/val    valid acc  dur
-------  ------------  ------------  -----------  -----------  -----
      1       [94m2.14854[0m       [32m2.08278[0m      1.03157      0.26663  2.15s
      2       [94m1.82093[0m       [32m1.71736[0m      1.06031      0.45592  2.65s
      3       [94m1.55446[0m       [32m1.51136[0m      1.02851      0.50212  2.46s
      4       [94m1.38672[0m       [32m1.36644[0m      1.01485      0.53873  2.38s
      5       [94m1.27067[0m       [32m1.26371[0m      1.00550      0.56819  2.12s
      6       [94m1.18673[0m       [32m1.18695[0m      0.99982      0.58772  1.86s
      7       [94m1.12226[0m       [32m1.12652[0m      0.99622      0.60335  2.02s
      8       [94m1.07001[0m       [32m1.07686[0m      0.99364      0.62667  1.66s
      9       [94m1.02613[0m       [32m1.03505[0m      0.99138      0.64397  1.12s
     10       [94m0.98843[0m       [32m0.99908[0m      0.98934      0.65681  1.13s
     11       [94m0.95549[0m       [32m0.96776[0m      0.98732      0.66574  1.11s
     12       [94m0.92642[0m       [32m0.94035[0m      0.98518      0.67132  1.25s
     13       [94m0.90061[0m       [32m0.91631[0m      0.98287      0.67746  1.53s
     14       [94m0.87764[0m       [32m0.89537[0m      0.98019      0.68304  2.52s
     15       [94m0.85717[0m       [32m0.87690[0m      0.97750      0.68471  2.23s
     16       [94m0.83884[0m       [32m0.86054[0m      0.97478      0.68583  1.89s
     17       [94m0.82236[0m       [32m0.84579[0m      0.97229      0.69141  2.46s
     18       [94m0.80747[0m       [32m0.83297[0m      0.96939      0.69364  2.49s
     19       [94m0.79414[0m       [32m0.82182[0m      0.96632      0.69866  2.39s
     20       [94m0.78211[0m       [32m0.81196[0m      0.96324      0.70089  2.17s
     21       [94m0.77118[0m       [32m0.80309[0m      0.96027      0.70201  1.91s
     22       [94m0.76122[0m       [32m0.79512[0m      0.95737      0.70424  2.55s
     23       [94m0.75212[0m       [32m0.78788[0m      0.95461      0.70647  2.01s
     24       [94m0.74377[0m       [32m0.78129[0m      0.95197      0.70926  1.78s
     25       [94m0.73604[0m       [32m0.77527[0m      0.94940      0.71038  1.76s
     26       [94m0.72888[0m       [32m0.76981[0m      0.94683      0.71205  2.51s
     27       [94m0.72220[0m       [32m0.76484[0m      0.94426      0.71317  2.27s
     28       [94m0.71599[0m       [32m0.76030[0m      0.94173      0.71317  2.39s
     29       [94m0.71016[0m       [32m0.75609[0m      0.93925      0.71429  2.30s
     30       [94m0.70468[0m       [32m0.75214[0m      0.93690      0.71652  2.35s
     31       [94m0.69953[0m       [32m0.74845[0m      0.93464      0.71819  2.25s
     32       [94m0.69469[0m       [32m0.74506[0m      0.93240      0.71763  2.40s
     33       [94m0.69010[0m       [32m0.74189[0m      0.93019      0.72589  2.57s
     34       [94m0.68574[0m       [32m0.73892[0m      0.92803      0.72533  2.44s
     35       [94m0.68157[0m       [32m0.73605[0m      0.92598      0.72701  2.15s
     36       [94m0.67758[0m       [32m0.73340[0m      0.92388      0.72701  2.42s
     37       [94m0.67378[0m       [32m0.73092[0m      0.92183      0.72533  2.61s
     38       [94m0.67015[0m       [32m0.72861[0m      0.91977      0.72701  2.27s
     39       [94m0.66668[0m       [32m0.72646[0m      0.91771      0.72701  2.08s
     40       [94m0.66335[0m       [32m0.72441[0m      0.91572      0.72701  2.18s
     41       [94m0.66015[0m       [32m0.72245[0m      0.91377      0.72701  2.23s
     42       [94m0.65707[0m       [32m0.72057[0m      0.91187      0.72757  2.27s
     43       [94m0.65410[0m       [32m0.71881[0m      0.90997      0.72868  2.43s
     44       [94m0.65124[0m       [32m0.71713[0m      0.90811      0.72924  2.30s
     45       [94m0.64848[0m       [32m0.71548[0m      0.90635      0.72924  2.54s
     46       [94m0.64580[0m       [32m0.71394[0m      0.90456      0.72980  2.42s
     47       [94m0.64322[0m       [32m0.71246[0m      0.90281      0.72980  2.25s
     48       [94m0.64071[0m       [32m0.71106[0m      0.90107      0.73036  2.20s
     49       [94m0.63828[0m       [32m0.70967[0m      0.89940      0.73147  2.30s
     50       [94m0.63592[0m       [32m0.70839[0m      0.89769      0.73092  2.08s
     51       [94m0.63363[0m       [32m0.70714[0m      0.89604      0.73092  2.37s
     52       [94m0.63140[0m       [32m0.70595[0m      0.89439      0.73203  2.41s
     53       [94m0.62921[0m       [32m0.70488[0m      0.89266      0.73203  2.24s
     54       [94m0.62709[0m       [32m0.70384[0m      0.89096      0.72433  2.08s
     55       [94m0.62503[0m       [32m0.70282[0m      0.88932      0.72433  2.51s
     56       [94m0.62301[0m       [32m0.70173[0m      0.88782      0.72377  2.20s
     57       [94m0.62105[0m       [32m0.70069[0m      0.88635      0.72321  2.56s
     58       [94m0.61914[0m       [32m0.69969[0m      0.88487      0.72489  2.22s
     59       [94m0.61726[0m       [32m0.69874[0m      0.88339      0.72489  1.81s
     60       [94m0.61543[0m       [32m0.69783[0m      0.88193      0.72489  1.74s
     61       [94m0.61364[0m       [32m0.69697[0m      0.88045      0.72545  2.34s
     62       [94m0.61189[0m       [32m0.69613[0m      0.87900      0.72712  2.37s
     63       [94m0.61019[0m       [32m0.69530[0m      0.87759      0.72656  1.93s
     64       [94m0.60851[0m       [32m0.69446[0m      0.87623      0.72712  2.53s
     65       [94m0.60687[0m       [32m0.69368[0m      0.87485      0.72712  2.18s
     66       [94m0.60526[0m       [32m0.69292[0m      0.87349      0.72824  1.81s
     67       [94m0.60368[0m       [32m0.69220[0m      0.87212      0.72824  1.68s
     68       [94m0.60213[0m       [32m0.69152[0m      0.87074      0.72879  1.76s
     69       [94m0.60061[0m       [32m0.69081[0m      0.86943      0.72935  1.72s
     70       [94m0.59911[0m       [32m0.69015[0m      0.86809      0.72935  1.55s
     71       [94m0.59765[0m       [32m0.68949[0m      0.86679      0.72824  1.49s
     72       [94m0.59620[0m       [32m0.68887[0m      0.86547      0.72991  1.43s
     73       [94m0.59478[0m       [32m0.68830[0m      0.86413      0.73047  1.86s
     74       [94m0.59338[0m       [32m0.68769[0m      0.86286      0.73158  2.17s
     75       [94m0.59200[0m       [32m0.68711[0m      0.86159      0.73158  2.31s
     76       [94m0.59065[0m       [32m0.68651[0m      0.86037      0.73103  2.41s
     77       [94m0.58932[0m       [32m0.68600[0m      0.85906      0.72991  2.31s
     78       [94m0.58801[0m       [32m0.68549[0m      0.85779      0.73103  2.41s
     79       [94m0.58671[0m       [32m0.68492[0m      0.85662      0.73103  2.41s
     80       [94m0.58544[0m       [32m0.68442[0m      0.85538      0.73270  1.98s
     81       [94m0.58419[0m       [32m0.68390[0m      0.85420      0.73382  2.13s
     82       [94m0.58294[0m       [32m0.68340[0m      0.85300      0.73493  2.27s
     83       [94m0.58172[0m       [32m0.68289[0m      0.85184      0.73493  2.27s
     84       [94m0.58051[0m       [32m0.68244[0m      0.85064      0.73549  2.15s
     85       [94m0.57931[0m       [32m0.68194[0m      0.84950      0.73605  2.32s
     86       [94m0.57813[0m       [32m0.68143[0m      0.84840      0.73605  2.16s
     87       [94m0.57696[0m       [32m0.68096[0m      0.84728      0.73717  1.86s
     88       [94m0.57581[0m       [32m0.68047[0m      0.84620      0.73661  1.96s
     89       [94m0.57466[0m       [32m0.68002[0m      0.84507      0.73605  1.84s
     90       [94m0.57353[0m       [32m0.67961[0m      0.84391      0.73605  2.21s
     91       [94m0.57241[0m       [32m0.67914[0m      0.84285      0.73661  2.49s
     92       [94m0.57130[0m       [32m0.67867[0m      0.84180      0.73717  2.41s
     93       [94m0.57021[0m       [32m0.67816[0m      0.84083      0.73717  2.46s
     94       [94m0.56913[0m       [32m0.67773[0m      0.83976      0.73772  2.00s
     95       [94m0.56806[0m       [32m0.67730[0m      0.83871      0.73772  2.14s
     96       [94m0.56700[0m       [32m0.67688[0m      0.83768      0.73772  2.51s
     97       [94m0.56596[0m       [32m0.67645[0m      0.83666      0.73772  2.12s
     98       [94m0.56492[0m       [32m0.67606[0m      0.83562      0.73884  1.89s
     99       [94m0.56390[0m       [32m0.67564[0m      0.83461      0.73884  1.85s
    100       [94m0.56288[0m       [32m0.67526[0m      0.83357      0.73772  2.53s
    101       [94m0.56187[0m       [32m0.67488[0m      0.83255      0.73717  2.18s
    102       [94m0.56088[0m       [32m0.67453[0m      0.83151      0.73828  1.97s
    103       [94m0.55989[0m       [32m0.67415[0m      0.83051      0.73772  2.51s
    104       [94m0.55891[0m       [32m0.67382[0m      0.82946      0.73828  2.48s
    105       [94m0.55794[0m       [32m0.67349[0m      0.82843      0.73772  2.12s
    106       [94m0.55698[0m       [32m0.67312[0m      0.82747      0.73884  2.37s
    107       [94m0.55603[0m       [32m0.67281[0m      0.82643      0.74051  2.35s
    108       [94m0.55509[0m       [32m0.67250[0m      0.82541      0.73996  2.37s
    109       [94m0.55416[0m       [32m0.67221[0m      0.82438      0.73940  2.26s
    110       [94m0.55323[0m       [32m0.67188[0m      0.82340      0.73940  1.91s
    111       [94m0.55231[0m       [32m0.67155[0m      0.82244      0.73996  2.48s
    112       [94m0.55140[0m       [32m0.67125[0m      0.82146      0.73996  2.18s
    113       [94m0.55049[0m       [32m0.67090[0m      0.82053      0.73940  2.23s
    114       [94m0.54959[0m       [32m0.67060[0m      0.81956      0.73940  2.31s
    115       [94m0.54870[0m       [32m0.67028[0m      0.81860      0.73996  2.49s
    116       [94m0.54781[0m       [32m0.66997[0m      0.81768      0.73996  2.47s
    117       [94m0.54693[0m       [32m0.66965[0m      0.81675      0.74051  2.33s
    118       [94m0.54606[0m       [32m0.66930[0m      0.81588      0.74163  2.00s
    119       [94m0.54519[0m       [32m0.66895[0m      0.81499      0.74219  1.88s
    120       [94m0.54433[0m       [32m0.66863[0m      0.81410      0.74219  1.94s
    121       [94m0.54348[0m       [32m0.66837[0m      0.81314      0.74163  2.21s
    122       [94m0.54262[0m       [32m0.66810[0m      0.81218      0.74163  2.00s
    123       [94m0.54178[0m       [32m0.66781[0m      0.81129      0.74163  2.29s
    124       [94m0.54094[0m       [32m0.66744[0m      0.81048      0.74163  1.86s
    125       [94m0.54010[0m       [32m0.66715[0m      0.80958      0.74163  2.66s
    126       [94m0.53928[0m       [32m0.66687[0m      0.80867      0.74219  2.27s
    127       [94m0.53846[0m       [32m0.66659[0m      0.80778      0.74219  1.91s
    128       [94m0.53764[0m       [32m0.66630[0m      0.80690      0.74219  2.25s
    129       [94m0.53683[0m       [32m0.66601[0m      0.80603      0.74275  2.07s
    130       [94m0.53602[0m       [32m0.66577[0m      0.80511      0.74219  1.90s
    131       [94m0.53521[0m       [32m0.66550[0m      0.80422      0.74219  1.78s
    132       [94m0.53441[0m       [32m0.66524[0m      0.80334      0.74219  1.56s
    133       [94m0.53362[0m       [32m0.66487[0m      0.80259      0.74219  1.32s
    134       [94m0.53282[0m       [32m0.66462[0m      0.80169      0.74330  1.23s
    135       [94m0.53204[0m       [32m0.66428[0m      0.80093      0.74330  1.42s
    136       [94m0.53125[0m       [32m0.66399[0m      0.80010      0.74330  2.36s
Terminating training since the network is starting to overfit too much.
COULD NOT SAVE NETWORK SINCE <nnet.early_stopping.StopWhenOverfitting object at 0x89b7250> HAS NO PARENT
saving network to "/scratch/tmp/nnets/nn_09ea39495fc8f37033d5b4f46dd060c2943ec625_137.net.npz.net.npz|json"
saved network to "/scratch/tmp/nnets/sample_complete.net.npz" after training ended
saving network to "/scratch/tmp/nnets/sample.net.npz|json"
adding all extra row features
adding 40 features for classes (2, 3)
adding 40 features for classes (2, 3, 4)
adding 63 features for classes (1, 9)
applying log transform to 1856x253 data
(1856, 9) (1856,)
  #   loss   accuracy  time
  1   0.647  75.05%  435.830s
dropout1_rate = 0.2	 0.647	 0.75%	435.830s
calculate: dropout1_rate = 0.2, round #2/3
adding all extra row features
adding 40 features for classes (2, 3)
adding 40 features for classes (2, 3, 4)
adding 63 features for classes (1, 9)
applying log transform to 16707x253 data
initializing network sample 200x150x0
parameters: adaptive_weight_decay = False, auto_stopping = True, batch_size = 128, dense1_init = glorot_uniform, dense1_nonlinearity = rectify, dense1_size = 200, dense2_init = glorot_uniform, dense2_nonlinearity = rectify, dense2_size = 150, dense3_init = glorot_uniform, dense3_nonlinearity = rectify, dense3_size = 0, dropout0_rate = None, dropout1_rate = None, dropout2_rate = None, dropout3_rate = None, epoch_steps = None, learning_rate = 0.0005, learning_rate_scaling = 100, max_epochs = 600, momentum = 0.9, momentum_scaling = 1200, name = sample, output_nonlinearity = softmax, save_snapshots_stepsize = None, weight_decay = 0
  input             	(None, 253)         	produces     253 outputs
  dense1            	(None, 200)         	produces     200 outputs
  dense2            	(None, 150)         	produces     150 outputs
  output            	(None, 9)           	produces       9 outputs
  epoch    train loss    valid loss    train/val    valid acc  dur
-------  ------------  ------------  -----------  -----------  -----
      1       [94m2.09929[0m       [32m2.06956[0m      1.01437      0.16797  1.96s
      2       [94m1.87353[0m       [32m1.78592[0m      1.04905      0.44978  2.44s
      3       [94m1.61263[0m       [32m1.57385[0m      1.02464      0.48996  2.24s
      4       [94m1.41856[0m       [32m1.41535[0m      1.00227      0.52344  2.00s
      5       [94m1.28429[0m       [32m1.30644[0m      0.98305      0.54185  2.02s
      6       [94m1.19096[0m       [32m1.22716[0m      0.97050      0.56417  2.54s
      7       [94m1.12168[0m       [32m1.16593[0m      0.96205      0.59040  2.17s
      8       [94m1.06728[0m       [32m1.11610[0m      0.95625      0.61086  1.81s
      9       [94m1.02297[0m       [32m1.07458[0m      0.95197      0.62816  2.36s
     10       [94m0.98577[0m       [32m1.03956[0m      0.94826      0.64211  2.41s
     11       [94m0.95410[0m       [32m1.00981[0m      0.94483      0.65904  2.14s
     12       [94m0.92676[0m       [32m0.98408[0m      0.94175      0.66853  2.30s
     13       [94m0.90293[0m       [32m0.96191[0m      0.93869      0.67076  2.45s
     14       [94m0.88205[0m       [32m0.94257[0m      0.93580      0.67355  2.04s
     15       [94m0.86357[0m       [32m0.92536[0m      0.93323      0.68080  2.46s
     16       [94m0.84711[0m       [32m0.90998[0m      0.93090      0.68248  2.49s
     17       [94m0.83233[0m       [32m0.89616[0m      0.92877      0.68192  2.12s
     18       [94m0.81896[0m       [32m0.88374[0m      0.92670      0.68415  2.15s
     19       [94m0.80684[0m       [32m0.87258[0m      0.92466      0.69345  2.23s
     20       [94m0.79582[0m       [32m0.86241[0m      0.92279      0.69289  1.98s
     21       [94m0.78573[0m       [32m0.85315[0m      0.92098      0.69345  2.08s
     22       [94m0.77643[0m       [32m0.84466[0m      0.91923      0.69568  1.87s
     23       [94m0.76784[0m       [32m0.83688[0m      0.91751      0.69624  2.22s
     24       [94m0.75988[0m       [32m0.82974[0m      0.91581      0.69847  2.53s
     25       [94m0.75245[0m       [32m0.82315[0m      0.91411      0.69847  2.40s
     26       [94m0.74553[0m       [32m0.81711[0m      0.91239      0.70182  2.10s
     27       [94m0.73904[0m       [32m0.81145[0m      0.91076      0.70350  1.84s
     28       [94m0.73293[0m       [32m0.80609[0m      0.90924      0.70350  2.37s
     29       [94m0.72717[0m       [32m0.80111[0m      0.90770      0.70685  2.39s
     30       [94m0.72174[0m       [32m0.79645[0m      0.90620      0.70796  2.01s
     31       [94m0.71658[0m       [32m0.79206[0m      0.90470      0.70964  2.23s
     32       [94m0.71169[0m       [32m0.78796[0m      0.90320      0.71131  2.29s
     33       [94m0.70703[0m       [32m0.78407[0m      0.90174      0.71243  2.60s
     34       [94m0.70258[0m       [32m0.78040[0m      0.90028      0.71410  2.17s
     35       [94m0.69831[0m       [32m0.77690[0m      0.89884      0.71577  2.28s
     36       [94m0.69424[0m       [32m0.77357[0m      0.89744      0.71577  2.43s
     37       [94m0.69034[0m       [32m0.77038[0m      0.89610      0.71745  2.05s
     38       [94m0.68659[0m       [32m0.76739[0m      0.89471      0.71745  2.41s
     39       [94m0.68298[0m       [32m0.76447[0m      0.89340      0.71912  1.98s
     40       [94m0.67950[0m       [32m0.76169[0m      0.89210      0.71912  1.78s
     41       [94m0.67616[0m       [32m0.75901[0m      0.89085      0.72135  2.15s
     42       [94m0.67294[0m       [32m0.75642[0m      0.88965      0.72080  2.20s
     43       [94m0.66983[0m       [32m0.75388[0m      0.88851      0.72303  2.42s
     44       [94m0.66682[0m       [32m0.75152[0m      0.88729      0.72359  2.61s
     45       [94m0.66391[0m       [32m0.74923[0m      0.88613      0.72582  2.40s
     46       [94m0.66110[0m       [32m0.74699[0m      0.88501      0.72526  2.49s
     47       [94m0.65836[0m       [32m0.74492[0m      0.88381      0.72526  2.40s
     48       [94m0.65571[0m       [32m0.74294[0m      0.88260      0.72526  2.07s
     49       [94m0.65314[0m       [32m0.74104[0m      0.88138      0.72638  1.82s
     50       [94m0.65065[0m       [32m0.73912[0m      0.88029      0.72693  2.27s
     51       [94m0.64822[0m       [32m0.73733[0m      0.87914      0.72693  2.05s
     52       [94m0.64586[0m       [32m0.73559[0m      0.87802      0.72805  1.84s
     53       [94m0.64356[0m       [32m0.73392[0m      0.87687      0.72805  2.26s
     54       [94m0.64131[0m       [32m0.73230[0m      0.87575      0.72805  2.30s
     55       [94m0.63913[0m       [32m0.73073[0m      0.87464      0.72861  1.98s
     56       [94m0.63700[0m       [32m0.72924[0m      0.87351      0.72972  1.74s
     57       [94m0.63491[0m       [32m0.72779[0m      0.87238      0.73140  1.55s
     58       [94m0.63288[0m       [32m0.72638[0m      0.87127      0.73307  1.46s
     59       [94m0.63089[0m       [32m0.72503[0m      0.87015      0.73903  2.23s
     60       [94m0.62894[0m       [32m0.72368[0m      0.86909      0.74014  2.23s
     61       [94m0.62704[0m       [32m0.72237[0m      0.86803      0.74126  2.23s
     62       [94m0.62518[0m       [32m0.72115[0m      0.86691      0.74070  2.26s
     63       [94m0.62335[0m       [32m0.71989[0m      0.86590      0.73958  2.37s
     64       [94m0.62156[0m       [32m0.71871[0m      0.86482      0.73958  2.31s
     65       [94m0.61981[0m       [32m0.71757[0m      0.86376      0.74014  1.92s
     66       [94m0.61808[0m       [32m0.71648[0m      0.86266      0.74070  1.78s
     67       [94m0.61639[0m       [32m0.71545[0m      0.86154      0.74070  2.42s
     68       [94m0.61473[0m       [32m0.71441[0m      0.86047      0.74182  2.20s
     69       [94m0.61310[0m       [32m0.71339[0m      0.85942      0.74126  1.85s
     70       [94m0.61150[0m       [32m0.71245[0m      0.85831      0.74126  1.77s
     71       [94m0.60994[0m       [32m0.71148[0m      0.85728      0.74182  1.68s
     72       [94m0.60840[0m       [32m0.71054[0m      0.85625      0.74182  2.30s
     73       [94m0.60688[0m       [32m0.70956[0m      0.85528      0.74070  2.11s
     74       [94m0.60537[0m       [32m0.70871[0m      0.85419      0.74070  2.00s
     75       [94m0.60389[0m       [32m0.70788[0m      0.85309      0.74014  2.33s
     76       [94m0.60243[0m       [32m0.70705[0m      0.85203      0.74070  2.19s
     77       [94m0.60100[0m       [32m0.70625[0m      0.85097      0.74070  2.49s
     78       [94m0.59958[0m       [32m0.70548[0m      0.84989      0.74070  2.38s
     79       [94m0.59818[0m       [32m0.70481[0m      0.84871      0.74014  2.32s
     80       [94m0.59679[0m       [32m0.70404[0m      0.84767      0.74014  2.27s
     81       [94m0.59543[0m       [32m0.70332[0m      0.84659      0.74070  2.13s
     82       [94m0.59408[0m       [32m0.70257[0m      0.84558      0.74070  2.32s
     83       [94m0.59276[0m       [32m0.70183[0m      0.84460      0.74070  2.55s
     84       [94m0.59146[0m       [32m0.70112[0m      0.84359      0.74126  2.44s
     85       [94m0.59018[0m       [32m0.70043[0m      0.84259      0.74237  2.48s
     86       [94m0.58891[0m       [32m0.69975[0m      0.84160      0.74070  2.29s
     87       [94m0.58766[0m       [32m0.69914[0m      0.84054      0.74014  2.29s
     88       [94m0.58642[0m       [32m0.69851[0m      0.83953      0.74014  2.36s
     89       [94m0.58521[0m       [32m0.69789[0m      0.83854      0.74014  2.25s
     90       [94m0.58399[0m       [32m0.69730[0m      0.83750      0.73847  2.37s
     91       [94m0.58280[0m       [32m0.69670[0m      0.83652      0.73847  2.21s
     92       [94m0.58162[0m       [32m0.69618[0m      0.83545      0.73847  2.30s
     93       [94m0.58045[0m       [32m0.69562[0m      0.83444      0.73679  2.16s
     94       [94m0.57930[0m       [32m0.69506[0m      0.83345      0.73735  1.99s
     95       [94m0.57816[0m       [32m0.69449[0m      0.83250      0.73679  1.71s
     96       [94m0.57703[0m       [32m0.69397[0m      0.83149      0.73735  2.57s
     97       [94m0.57592[0m       [32m0.69341[0m      0.83056      0.73847  2.43s
     98       [94m0.57481[0m       [32m0.69293[0m      0.82954      0.74014  2.63s
     99       [94m0.57372[0m       [32m0.69238[0m      0.82862      0.74554  2.60s
    100       [94m0.57264[0m       [32m0.69195[0m      0.82757      0.74609  2.72s
    101       [94m0.57156[0m       [32m0.69145[0m      0.82660      0.74665  2.55s
    102       [94m0.57049[0m       [32m0.69101[0m      0.82558      0.74665  2.18s
    103       [94m0.56943[0m       [32m0.69055[0m      0.82460      0.74721  2.56s
    104       [94m0.56838[0m       [32m0.69010[0m      0.82362      0.74777  2.63s
    105       [94m0.56735[0m       [32m0.68967[0m      0.82264      0.74888  2.55s
    106       [94m0.56631[0m       [32m0.68920[0m      0.82169      0.74888  2.41s
    107       [94m0.56529[0m       [32m0.68876[0m      0.82073      0.74888  2.57s
    108       [94m0.56427[0m       [32m0.68832[0m      0.81978      0.74888  2.40s
    109       [94m0.56326[0m       [32m0.68789[0m      0.81882      0.74888  2.60s
    110       [94m0.56226[0m       [32m0.68747[0m      0.81788      0.74833  2.24s
    111       [94m0.56128[0m       [32m0.68709[0m      0.81690      0.74833  2.52s
    112       [94m0.56030[0m       [32m0.68664[0m      0.81601      0.74944  2.62s
    113       [94m0.55934[0m       [32m0.68629[0m      0.81501      0.75000  2.45s
    114       [94m0.55838[0m       [32m0.68593[0m      0.81404      0.75112  2.24s
    115       [94m0.55741[0m       [32m0.68559[0m      0.81305      0.75223  2.41s
    116       [94m0.55647[0m       [32m0.68528[0m      0.81203      0.75986  1.83s
    117       [94m0.55554[0m       [32m0.68494[0m      0.81107      0.75986  1.57s
    118       [94m0.55461[0m       [32m0.68458[0m      0.81014      0.75986  1.44s
    119       [94m0.55369[0m       [32m0.68425[0m      0.80919      0.75986  1.35s
    120       [94m0.55278[0m       [32m0.68394[0m      0.80823      0.75986  1.41s
    121       [94m0.55186[0m       [32m0.68367[0m      0.80720      0.76153  2.05s
    122       [94m0.55097[0m       [32m0.68340[0m      0.80622      0.76209  2.18s
    123       [94m0.55008[0m       [32m0.68308[0m      0.80529      0.76209  2.18s
    124       [94m0.54919[0m       [32m0.68276[0m      0.80438      0.76153  1.83s
    125       [94m0.54831[0m       [32m0.68241[0m      0.80349      0.76209  1.54s
    126       [94m0.54743[0m       [32m0.68212[0m      0.80255      0.76153  1.39s
    127       [94m0.54656[0m       [32m0.68183[0m      0.80161      0.76209  2.60s
    128       [94m0.54569[0m       [32m0.68149[0m      0.80073      0.76153  2.57s
Terminating training since the network is starting to overfit too much.
COULD NOT SAVE NETWORK SINCE <nnet.early_stopping.StopWhenOverfitting object at 0x9c43610> HAS NO PARENT
saving network to "/scratch/tmp/nnets/nn_0b4bec6d2cd2b0c72b7c774b8d3ffacdadc467d2_129.net.npz.net.npz|json"
saved network to "/scratch/tmp/nnets/sample_complete.net.npz" after training ended
saving network to "/scratch/tmp/nnets/sample.net.npz|json"
adding all extra row features
adding 40 features for classes (2, 3)
adding 40 features for classes (2, 3, 4)
adding 63 features for classes (1, 9)
applying log transform to 1856x253 data
(1856, 9) (1856,)
  1   0.631  76.62%  421.540s
dropout1_rate = 0.2	 0.631	 0.77%	421.540s
calculate: dropout1_rate = 0.4, round #3/3
adding all extra row features
adding 40 features for classes (2, 3)
adding 40 features for classes (2, 3, 4)
adding 63 features for classes (1, 9)
applying log transform to 16707x253 data
initializing network sample 200x150x0
parameters: adaptive_weight_decay = False, auto_stopping = True, batch_size = 128, dense1_init = glorot_uniform, dense1_nonlinearity = rectify, dense1_size = 200, dense2_init = glorot_uniform, dense2_nonlinearity = rectify, dense2_size = 150, dense3_init = glorot_uniform, dense3_nonlinearity = rectify, dense3_size = 0, dropout0_rate = None, dropout1_rate = None, dropout2_rate = None, dropout3_rate = None, epoch_steps = None, learning_rate = 0.0005, learning_rate_scaling = 100, max_epochs = 600, momentum = 0.9, momentum_scaling = 1200, name = sample, output_nonlinearity = softmax, save_snapshots_stepsize = None, weight_decay = 0
  input             	(None, 253)         	produces     253 outputs
  dense1            	(None, 200)         	produces     200 outputs
  dense2            	(None, 150)         	produces     150 outputs
  output            	(None, 9)           	produces       9 outputs
  epoch    train loss    valid loss    train/val    valid acc  dur
-------  ------------  ------------  -----------  -----------  -----
      1       [94m2.14340[0m       [32m2.09710[0m      1.02208      0.24330  1.74s
      2       [94m1.83471[0m       [32m1.75180[0m      1.04733      0.45368  2.45s
      3       [94m1.55150[0m       [32m1.55103[0m      1.00030      0.50547  2.39s
      4       [94m1.37750[0m       [32m1.41013[0m      0.97686      0.53884  2.49s
      5       [94m1.26285[0m       [32m1.31028[0m      0.96380      0.56228  2.41s
      6       [94m1.18054[0m       [32m1.23573[0m      0.95534      0.58560  1.74s
      7       [94m1.11663[0m       [32m1.17748[0m      0.94832      0.60179  2.35s
      8       [94m1.06456[0m       [32m1.13094[0m      0.94131      0.62467  2.15s
      9       [94m1.02065[0m       [32m1.09245[0m      0.93428      0.63638  2.27s
     10       [94m0.98283[0m       [32m1.05978[0m      0.92739      0.64643  2.30s
     11       [94m0.94983[0m       [32m1.03172[0m      0.92063      0.65480  2.35s
     12       [94m0.92081[0m       [32m1.00752[0m      0.91393      0.65815  2.30s
     13       [94m0.89517[0m       [32m0.98654[0m      0.90738      0.66261  2.05s
     14       [94m0.87239[0m       [32m0.96821[0m      0.90103      0.66708  2.12s
     15       [94m0.85210[0m       [32m0.95202[0m      0.89504      0.66763  2.09s
     16       [94m0.83396[0m       [32m0.93762[0m      0.88944      0.66931  2.19s
     17       [94m0.81773[0m       [32m0.92481[0m      0.88422      0.66987  2.38s
     18       [94m0.80315[0m       [32m0.91325[0m      0.87944      0.66875  2.52s
     19       [94m0.78998[0m       [32m0.90309[0m      0.87475      0.67042  2.44s
     20       [94m0.77808[0m       [32m0.89387[0m      0.87047      0.67266  2.36s
     21       [94m0.76730[0m       [32m0.88583[0m      0.86620      0.67210  2.32s
     22       [94m0.75750[0m       [32m0.87857[0m      0.86219      0.67656  2.38s
     23       [94m0.74856[0m       [32m0.87184[0m      0.85859      0.67991  2.26s
     24       [94m0.74037[0m       [32m0.86561[0m      0.85531      0.68158  2.58s
     25       [94m0.73283[0m       [32m0.85990[0m      0.85222      0.68270  2.32s
     26       [94m0.72588[0m       [32m0.85463[0m      0.84935      0.68270  2.31s
     27       [94m0.71944[0m       [32m0.84970[0m      0.84669      0.68661  2.44s
     28       [94m0.71343[0m       [32m0.84517[0m      0.84413      0.68828  2.46s
     29       [94m0.70783[0m       [32m0.84088[0m      0.84178      0.68940  2.39s
     30       [94m0.70257[0m       [32m0.83696[0m      0.83943      0.69051  1.85s
     31       [94m0.69762[0m       [32m0.83325[0m      0.83723      0.69107  1.54s
     32       [94m0.69295[0m       [32m0.82979[0m      0.83509      0.69163  1.42s
     33       [94m0.68854[0m       [32m0.82649[0m      0.83308      0.69498  1.31s
     34       [94m0.68436[0m       [32m0.82342[0m      0.83111      0.69386  2.04s
     35       [94m0.68037[0m       [32m0.82065[0m      0.82906      0.69442  2.17s
     36       [94m0.67656[0m       [32m0.81792[0m      0.82717      0.69609  2.42s
     37       [94m0.67291[0m       [32m0.81537[0m      0.82529      0.69833  2.38s
     38       [94m0.66942[0m       [32m0.81292[0m      0.82347      0.70000  2.33s
     39       [94m0.66608[0m       [32m0.81062[0m      0.82170      0.70056  2.29s
     40       [94m0.66288[0m       [32m0.80845[0m      0.81994      0.70223  2.09s
     41       [94m0.65981[0m       [32m0.80635[0m      0.81827      0.70391  2.22s
     42       [94m0.65686[0m       [32m0.80443[0m      0.81656      0.70391  2.27s
     43       [94m0.65402[0m       [32m0.80259[0m      0.81489      0.70446  2.04s
     44       [94m0.65129[0m       [32m0.80081[0m      0.81329      0.70502  1.72s
     45       [94m0.64864[0m       [32m0.79913[0m      0.81168      0.70558  1.49s
     46       [94m0.64609[0m       [32m0.79751[0m      0.81013      0.70670  2.28s
     47       [94m0.64361[0m       [32m0.79597[0m      0.80859      0.70949  2.27s
     48       [94m0.64121[0m       [32m0.79449[0m      0.80707      0.71004  2.29s
     49       [94m0.63888[0m       [32m0.79305[0m      0.80560      0.71004  1.94s
     50       [94m0.63661[0m       [32m0.79171[0m      0.80409      0.70949  2.29s
     51       [94m0.63440[0m       [32m0.79036[0m      0.80267      0.71060  2.19s
     52       [94m0.63224[0m       [32m0.78903[0m      0.80129      0.71116  1.86s
Terminating training since the network is starting to overfit too much.
COULD NOT SAVE NETWORK SINCE <nnet.early_stopping.StopWhenOverfitting object at 0xb415d90> HAS NO PARENT
saving network to "/scratch/tmp/nnets/nn_953d2eaa24b026b95e9c807469d1faf729f71aae_53.net.npz.net.npz|json"
saved network to "/scratch/tmp/nnets/sample_complete.net.npz" after training ended
saving network to "/scratch/tmp/nnets/sample.net.npz|json"
adding all extra row features
adding 40 features for classes (2, 3)
adding 40 features for classes (2, 3, 4)
adding 63 features for classes (1, 9)
applying log transform to 1856x253 data
(1856, 9) (1856,)
  #   loss   accuracy  time
  2   0.682  74.84%  167.300s
dropout1_rate = 0.4	 0.682	 0.75%	167.300s
calculate: dropout1_rate = 0.5, round #1/3
adding all extra row features
adding 40 features for classes (2, 3)
adding 40 features for classes (2, 3, 4)
adding 63 features for classes (1, 9)
applying log transform to 16707x253 data
initializing network sample 200x150x0
parameters: adaptive_weight_decay = False, auto_stopping = True, batch_size = 128, dense1_init = glorot_uniform, dense1_nonlinearity = rectify, dense1_size = 200, dense2_init = glorot_uniform, dense2_nonlinearity = rectify, dense2_size = 150, dense3_init = glorot_uniform, dense3_nonlinearity = rectify, dense3_size = 0, dropout0_rate = None, dropout1_rate = None, dropout2_rate = None, dropout3_rate = None, epoch_steps = None, learning_rate = 0.0005, learning_rate_scaling = 100, max_epochs = 600, momentum = 0.9, momentum_scaling = 1200, name = sample, output_nonlinearity = softmax, save_snapshots_stepsize = None, weight_decay = 0
  input             	(None, 253)         	produces     253 outputs
  dense1            	(None, 200)         	produces     200 outputs
  dense2            	(None, 150)         	produces     150 outputs
  output            	(None, 9)           	produces       9 outputs
  epoch    train loss    valid loss    train/val    valid acc  dur
-------  ------------  ------------  -----------  -----------  -----
      1       [94m2.23110[0m       [32m2.10670[0m      1.05905      0.26897  1.99s
      2       [94m1.80144[0m       [32m1.66911[0m      1.07928      0.47098  2.04s
      3       [94m1.51979[0m       [32m1.45953[0m      1.04129      0.54710  2.01s
      4       [94m1.35635[0m       [32m1.32242[0m      1.02566      0.57712  2.39s
      5       [94m1.24572[0m       [32m1.22533[0m      1.01664      0.58884  2.23s
      6       [94m1.16500[0m       [32m1.15160[0m      1.01164      0.60446  1.91s
      7       [94m1.10191[0m       [32m1.09364[0m      1.00756      0.61562  2.36s
      8       [94m1.05034[0m       [32m1.04639[0m      1.00377      0.63449  2.30s
      9       [94m1.00700[0m       [32m1.00684[0m      1.00016      0.64900  2.29s
     10       [94m0.96995[0m       [32m0.97340[0m      0.99645      0.66295  1.98s
     11       [94m0.93785[0m       [32m0.94475[0m      0.99269      0.66741  1.64s
     12       [94m0.90984[0m       [32m0.91986[0m      0.98911      0.67634  1.50s
     13       [94m0.88516[0m       [32m0.89810[0m      0.98560      0.68583  1.71s
     14       [94m0.86324[0m       [32m0.87901[0m      0.98207      0.68806  1.64s
     15       [94m0.84362[0m       [32m0.86203[0m      0.97864      0.69029  1.41s
     16       [94m0.82605[0m       [32m0.84710[0m      0.97516      0.69420  1.58s
     17       [94m0.81028[0m       [32m0.83377[0m      0.97184      0.69587  2.05s
     18       [94m0.79606[0m       [32m0.82196[0m      0.96848      0.70089  2.22s
     19       [94m0.78321[0m       [32m0.81138[0m      0.96529      0.70536  2.57s
     20       [94m0.77155[0m       [32m0.80195[0m      0.96210      0.70647  2.28s
     21       [94m0.76094[0m       [32m0.79345[0m      0.95902      0.71038  2.20s
     22       [94m0.75123[0m       [32m0.78586[0m      0.95594      0.71373  2.46s
     23       [94m0.74234[0m       [32m0.77897[0m      0.95299      0.71373  2.61s
     24       [94m0.73417[0m       [32m0.77270[0m      0.95013      0.71540  2.53s
     25       [94m0.72661[0m       [32m0.76699[0m      0.94736      0.71875  2.49s
     26       [94m0.71961[0m       [32m0.76177[0m      0.94466      0.72042  2.37s
     27       [94m0.71311[0m       [32m0.75702[0m      0.94199      0.72377  2.33s
     28       [94m0.70706[0m       [32m0.75273[0m      0.93933      0.72545  2.34s
     29       [94m0.70138[0m       [32m0.74879[0m      0.93669      0.72600  1.96s
     30       [94m0.69605[0m       [32m0.74511[0m      0.93416      0.72545  1.84s
     31       [94m0.69105[0m       [32m0.74165[0m      0.93176      0.72656  2.38s
     32       [94m0.68633[0m       [32m0.73851[0m      0.92934      0.72545  2.44s
     33       [94m0.68188[0m       [32m0.73551[0m      0.92708      0.72545  2.50s
     34       [94m0.67767[0m       [32m0.73274[0m      0.92484      0.72545  2.07s
     35       [94m0.67366[0m       [32m0.73008[0m      0.92273      0.72545  1.65s
     36       [94m0.66986[0m       [32m0.72761[0m      0.92064      0.72489  1.81s
     37       [94m0.66625[0m       [32m0.72528[0m      0.91861      0.72545  2.20s
     38       [94m0.66280[0m       [32m0.72310[0m      0.91661      0.72712  2.23s
     39       [94m0.65950[0m       [32m0.72102[0m      0.91468      0.72768  2.11s
     40       [94m0.65634[0m       [32m0.71903[0m      0.91280      0.72768  2.44s
     41       [94m0.65330[0m       [32m0.71722[0m      0.91089      0.72712  1.82s
     42       [94m0.65039[0m       [32m0.71545[0m      0.90906      0.72712  1.39s
     43       [94m0.64757[0m       [32m0.71380[0m      0.90721      0.72768  1.32s
     44       [94m0.64484[0m       [32m0.71222[0m      0.90539      0.72879  1.22s
     45       [94m0.64219[0m       [32m0.71070[0m      0.90360      0.72935  1.38s
     46       [94m0.63964[0m       [32m0.70925[0m      0.90186      0.72991  1.45s
     47       [94m0.63717[0m       [32m0.70784[0m      0.90016      0.72991  1.40s
     48       [94m0.63478[0m       [32m0.70646[0m      0.89853      0.72991  2.24s
     49       [94m0.63246[0m       [32m0.70516[0m      0.89690      0.73761  2.10s
     50       [94m0.63021[0m       [32m0.70393[0m      0.89526      0.73817  2.31s
     51       [94m0.62801[0m       [32m0.70274[0m      0.89366      0.73761  1.92s
     52       [94m0.62588[0m       [32m0.70158[0m      0.89210      0.73873  1.96s
     53       [94m0.62380[0m       [32m0.70046[0m      0.89055      0.73817  2.36s
     54       [94m0.62177[0m       [32m0.69939[0m      0.88902      0.73761  2.34s
     55       [94m0.61979[0m       [32m0.69837[0m      0.88748      0.73873  2.28s
     56       [94m0.61785[0m       [32m0.69737[0m      0.88598      0.73650  2.32s
     57       [94m0.61596[0m       [32m0.69640[0m      0.88449      0.73705  2.37s
     58       [94m0.61412[0m       [32m0.69547[0m      0.88303      0.73538  2.38s
     59       [94m0.61232[0m       [32m0.69456[0m      0.88158      0.73538  2.53s
     60       [94m0.61055[0m       [32m0.69361[0m      0.88025      0.73650  2.42s
     61       [94m0.60882[0m       [32m0.69273[0m      0.87886      0.73761  2.45s
     62       [94m0.60712[0m       [32m0.69197[0m      0.87738      0.73761  2.37s
     63       [94m0.60547[0m       [32m0.69111[0m      0.87608      0.73873  2.32s
     64       [94m0.60384[0m       [32m0.69039[0m      0.87465      0.73873  2.18s
     65       [94m0.60225[0m       [32m0.68963[0m      0.87330      0.73929  2.54s
     66       [94m0.60069[0m       [32m0.68892[0m      0.87194      0.74040  2.37s
     67       [94m0.59916[0m       [32m0.68823[0m      0.87057      0.74096  2.06s
     68       [94m0.59765[0m       [32m0.68753[0m      0.86926      0.74040  1.89s
     69       [94m0.59617[0m       [32m0.68691[0m      0.86790      0.74208  1.83s
     70       [94m0.59470[0m       [32m0.68622[0m      0.86663      0.74208  1.68s
     71       [94m0.59326[0m       [32m0.68559[0m      0.86534      0.74319  2.10s
     72       [94m0.59185[0m       [32m0.68494[0m      0.86408      0.74487  2.36s
     73       [94m0.59045[0m       [32m0.68434[0m      0.86280      0.74487  2.42s
     74       [94m0.58909[0m       [32m0.68379[0m      0.86150      0.74487  2.25s
     75       [94m0.58775[0m       [32m0.68322[0m      0.86027      0.74542  1.91s
     76       [94m0.58643[0m       [32m0.68269[0m      0.85900      0.74654  1.68s
     77       [94m0.58513[0m       [32m0.68216[0m      0.85776      0.74654  2.18s
     78       [94m0.58385[0m       [32m0.68163[0m      0.85655      0.74654  2.37s
     79       [94m0.58259[0m       [32m0.68109[0m      0.85538      0.74710  2.20s
     80       [94m0.58135[0m       [32m0.68054[0m      0.85425      0.74710  2.06s
     81       [94m0.58012[0m       [32m0.68002[0m      0.85309      0.74710  2.58s
     82       [94m0.57890[0m       [32m0.67953[0m      0.85192      0.74766  2.31s
     83       [94m0.57771[0m       [32m0.67908[0m      0.85072      0.74766  2.37s
     84       [94m0.57652[0m       [32m0.67859[0m      0.84958      0.74766  2.34s
     85       [94m0.57534[0m       [32m0.67815[0m      0.84840      0.74654  1.96s
     86       [94m0.57419[0m       [32m0.67775[0m      0.84720      0.74710  1.84s
     87       [94m0.57304[0m       [32m0.67732[0m      0.84604      0.74710  2.04s
     88       [94m0.57191[0m       [32m0.67692[0m      0.84486      0.74598  1.94s
     89       [94m0.57079[0m       [32m0.67650[0m      0.84375      0.73828  2.04s
     90       [94m0.56969[0m       [32m0.67613[0m      0.84257      0.73772  2.46s
     91       [94m0.56860[0m       [32m0.67575[0m      0.84143      0.73884  2.53s
     92       [94m0.56752[0m       [32m0.67538[0m      0.84030      0.73828  2.55s
     93       [94m0.56645[0m       [32m0.67498[0m      0.83921      0.73996  2.54s
     94       [94m0.56539[0m       [32m0.67463[0m      0.83807      0.73996  2.44s
     95       [94m0.56434[0m       [32m0.67430[0m      0.83693      0.74107  2.46s
     96       [94m0.56331[0m       [32m0.67395[0m      0.83583      0.74163  2.72s
     97       [94m0.56229[0m       [32m0.67358[0m      0.83477      0.74219  2.48s
     98       [94m0.56127[0m       [32m0.67321[0m      0.83373      0.74275  2.36s
     99       [94m0.56026[0m       [32m0.67282[0m      0.83271      0.74330  2.15s
    100       [94m0.55927[0m       [32m0.67246[0m      0.83167      0.74330  1.93s
    101       [94m0.55827[0m       [32m0.67213[0m      0.83060      0.74386  1.89s
    102       [94m0.55729[0m       [32m0.67175[0m      0.82960      0.74386  2.00s
    103       [94m0.55631[0m       [32m0.67138[0m      0.82861      0.74386  2.39s
    104       [94m0.55535[0m       [32m0.67104[0m      0.82759      0.74386  2.44s
    105       [94m0.55439[0m       [32m0.67068[0m      0.82661      0.74442  2.40s
    106       [94m0.55345[0m       [32m0.67039[0m      0.82555      0.74386  2.14s
    107       [94m0.55251[0m       [32m0.67010[0m      0.82452      0.74554  2.07s
    108       [94m0.55158[0m       [32m0.66981[0m      0.82350      0.74554  1.86s
    109       [94m0.55067[0m       [32m0.66952[0m      0.82248      0.74554  1.71s
    110       [94m0.54975[0m       [32m0.66928[0m      0.82140      0.74498  1.99s
    111       [94m0.54885[0m       [32m0.66899[0m      0.82042      0.74554  1.87s
    112       [94m0.54795[0m       [32m0.66873[0m      0.81939      0.74554  1.41s
    113       [94m0.54706[0m       [32m0.66850[0m      0.81833      0.74554  2.09s
    114       [94m0.54617[0m       [32m0.66827[0m      0.81729      0.74609  2.27s
    115       [94m0.54530[0m       [32m0.66800[0m      0.81632      0.74665  2.35s
    116       [94m0.54443[0m       [32m0.66780[0m      0.81526      0.74665  2.55s
    117       [94m0.54355[0m       [32m0.66757[0m      0.81423      0.74665  2.37s
    118       [94m0.54270[0m       [32m0.66728[0m      0.81329      0.74721  2.45s
    119       [94m0.54185[0m       [32m0.66712[0m      0.81222      0.74721  2.42s
    120       [94m0.54099[0m       [32m0.66689[0m      0.81122      0.74777  2.18s
    121       [94m0.54015[0m       [32m0.66671[0m      0.81016      0.74833  2.40s
    122       [94m0.53931[0m       [32m0.66644[0m      0.80923      0.74833  2.45s
    123       [94m0.53847[0m       [32m0.66626[0m      0.80821      0.74833  2.04s
    124       [94m0.53764[0m       [32m0.66603[0m      0.80724      0.74833  2.41s
    125       [94m0.53683[0m       [32m0.66580[0m      0.80629      0.74833  2.20s
    126       [94m0.53600[0m       [32m0.66562[0m      0.80526      0.74833  2.03s
    127       [94m0.53519[0m       [32m0.66538[0m      0.80434      0.74777  1.92s
    128       [94m0.53438[0m       [32m0.66518[0m      0.80336      0.74777  2.24s
    129       [94m0.53357[0m       [32m0.66494[0m      0.80243      0.74888  2.44s
    130       [94m0.53276[0m       [32m0.66469[0m      0.80152      0.75000  2.19s
    131       [94m0.53196[0m       [32m0.66449[0m      0.80055      0.75056  2.23s
Terminating training since the network is starting to overfit too much.
COULD NOT SAVE NETWORK SINCE <nnet.early_stopping.StopWhenOverfitting object at 0x9c11690> HAS NO PARENT
saving network to "/scratch/tmp/nnets/nn_bbcff833272f18c5c0a54ee5a74184cd78a8fe37_132.net.npz.net.npz|json"
saved network to "/scratch/tmp/nnets/sample_complete.net.npz" after training ended
saving network to "/scratch/tmp/nnets/sample.net.npz|json"
adding all extra row features
adding 40 features for classes (2, 3)
adding 40 features for classes (2, 3, 4)
adding 63 features for classes (1, 9)
applying log transform to 1856x253 data
(1856, 9) (1856,)
  2   0.650  75.00%  412.160s
dropout1_rate = 0.5	 0.650	 0.75%	412.160s
calculate: dropout1_rate = 0.0, round #3/3
adding all extra row features
adding 40 features for classes (2, 3)
adding 40 features for classes (2, 3, 4)
adding 63 features for classes (1, 9)
applying log transform to 16707x253 data
initializing network sample 200x150x0
parameters: adaptive_weight_decay = False, auto_stopping = True, batch_size = 128, dense1_init = glorot_uniform, dense1_nonlinearity = rectify, dense1_size = 200, dense2_init = glorot_uniform, dense2_nonlinearity = rectify, dense2_size = 150, dense3_init = glorot_uniform, dense3_nonlinearity = rectify, dense3_size = 0, dropout0_rate = None, dropout1_rate = None, dropout2_rate = None, dropout3_rate = None, epoch_steps = None, learning_rate = 0.0005, learning_rate_scaling = 100, max_epochs = 600, momentum = 0.9, momentum_scaling = 1200, name = sample, output_nonlinearity = softmax, save_snapshots_stepsize = None, weight_decay = 0
  input             	(None, 253)         	produces     253 outputs
  dense1            	(None, 200)         	produces     200 outputs
  dense2            	(None, 150)         	produces     150 outputs
  output            	(None, 9)           	produces       9 outputs
  epoch    train loss    valid loss    train/val    valid acc  dur
-------  ------------  ------------  -----------  -----------  -----
      1       [94m2.15878[0m       [32m2.09838[0m      1.02879      0.21819  2.19s
      2       [94m1.80020[0m       [32m1.71898[0m      1.04725      0.45033  2.05s
      3       [94m1.50895[0m       [32m1.52545Showing results for "dropout1_rate"
pos     loss      dropout1 rate   
 1    0.6506       0.3             
 2    0.6516       0.1             
 3    0.6536       0.2             
 4    0.6549       0.5             
 5    0.6571       0.0             
 6    0.6579       0.4             
